                                                                    a a                                                                                                                     a                                                    
                                            a a a                   c c                                                                                                                     c                                                    
                                            c c c                   c c                                                     m m m m                     m       m m m                 p     c                                                    
                                            c c c                   O O                                                     _ _ _ _               m     _       u u u                 i     O                           m     m   m   m          
                                            D D D         C C C     V V                                             m       c D D D               _   m p m     l l l                 d     V                           _     _   _   _          
                                            A A A f f     H H H     E E                                           m _       c A A A         m m m s   _ i _     t t t                 .     E               m       m   Z   s s m s m s          
                                            C C C e e     K K K     R R     f f f f k k                         l _ 1       t C C C m       _ _ _ m   d d p     V V V   f f           s     R t t       m   _       _ m _   e e _ m _ m          
                                  s         _ _ _ a a     _ _ _     _ _     e e e e t t                         t 1 d       r _ _ _ _     m r r s Z   x _ i     _ _ _   e e           e     _ b b       _   u     m u _ u   l l s X s Y          
                                  d         U U U c c a   U U U     U U     s s s s b b               l         x d i   m m l U U U d     _ a a m _ m c s d m   U U U   m m       p   l   s U l l       p m s m m _ s Z s   _ _ m _ m _   d d    
                                  A         _ _ _ c c c   _ _ _ C   _ _     e e u u l l         l l l r   l l l _ i v   _ _ _ _ _ _ f     p m m Z s _ h a _ _   _ _ _   u u       _   e   e _ 0 0       i _ t _ _ I e _ t   U U X s Y s   x x m  
                                  _         s s s 1 1 c C s s s O d s s     l l m m . .   l l l r r r x l t t t s v N   A B s s s s i m   i _ _ _ t N g v Y X   s s s m l l m     p   c   l s . .       d u e D A _ r u e   o o _ t _ t s c c _  
                                  f a a   a c c c _ _ _ C c c c R x c c m m _ _ _ _ t s l r t r x x x _ t x x x p N p   _ a t c c c _ _   d t z c a p _ _ _ _   c c c u _ _ u m O h   t   _ c t s       _ s p A D B _ s p a p p c a c a p h h d  
                                  l c c   c a a a S C p T a a a D c a a u u C S C S a e i x x x _ _ _ d x _ _ _ e c r m r s a a a a p F m _ r e t t r e t s s m a a a l S C l u S a p _ s e a a e X     o t _ C C A e t _ m o o t t t t e g g a d
                                  t c c s c n n n I O i R n n n I h n n l l O I O I b t m _ _ _ m m m i _ m m m e u e _ e e t n n n i _ _ O u r r u e n m a a u n n n 1 I O 1 l C s i i d r n b t Y m m u e r _ _ S r e r a r r r u r u e _ _ c i
                                  r 1 7 Z 6 Y Z X N S d L X Y Z C g Y Z 2 1 S N S N l u Z 0 0 1 x y z n 1 x y z d r v A z K e X Y Z n k P N e o l s v a p v v l X Y Z 1 N S 0 7 1 e d n P r X l u Z 1 2 t p w I I E r p w x a a l s l s d X Y Z n
Tick | CfgValue           | Bus | . . . . . . . . . . . . . . . . . . . . . . . . . e p . . . . . . . . . . . . . . . . . . . . . . . . . . . . . . . . . . . . . . . . . . . . . . . t . . . e p . . . . . . . . . . . . . . . . . . . . . . . .
-----+--------------------+-----+----------------------------------------------------------------------------------------------------------------------------------------------------------------------------------------------------------------
000  | 000001004004200000 |  .  | . . . . . . . . . . . . . . . . . . . . . . . . . . . . . . . . . . . . . . . . . . . . . . . . . . . . . . . . . . . . . . . . . . . . . . . . . . . . . . . . . . . . . . . . . . . . . . . . . . . . . . . . 

001  | 000000000004000000 |  .  | . . . . . . . . . . . . . . . . . . . . . . . . . . . . . . . . . . . . . . . . . . . . . . . . . . . . . . . . . . . . . . . . . . . . . . . . . . . . . . . . . . . . . . . . . . . . . . . . . . . . . . . . 

002  | 00000000C000001400 |  #  | w . . . . . . . . . . . . . . . . . . . . . . . . . . . . . . . . . . . . . . . . . r . . . . . . . . . . . . . . . . . . . . . . . . . . . . r . . . . . . . . . . . . . . . . . . . . . . . . . . . . . . . . 

003  | 00000201D604200004 |  #  | . . . . . . . . . . . . . . . r . . . . . . . . w . . . . . . . . . . . . . . . . . . . . . . . . . . . . . . . . . . . . . . . . . . . . . . . . . . . . . . . . . . . . . . . . . . . . . . . . . . . . . . . 

004  | 000000018004000004 |  #  | . . . . . . . . . . . . . . . r . . . . . . . w . . . . . . . . . . . . . . . . . . . . . . . . . . . . . . . . . . . . . . . . . . . . . . . . . . . . . . . . . . . . . . . . . . . . . . . . . . . . . . . . 

005  | 000000008104000001 |  #  | . r . . . . . . . . . . . . . . . . . . . . . . . . . . . . . . . . . . . . . . . . . . . . . . . . . . . . . . . . . . . . . . . . . . . . . . w . . . . . . . . . . . . . . . . . . . . . . . . . . . . . . . 

006  | 000000018004000001 |  #  | . r . . . . . . . . . . . . . . . . . . . . . . . . . . . . . . . . . . . . . . . . . . . . . . . w . . . . . . . . . . . . . . . . . . . . . . . . . . . . . . . . . . . . . . . . . . . . . . . . . . . . . . 

007  | 000000030004000008 |  #  | . . . . . . . . . . . r . . . . . . . . . . . . . . . . . . . . . . . . . . . . . . . . . w . . . . . . . . . . . . . . . . . . . . . . . . . . . . . . . . . . . . . . . . . . . . . . . . . . . . . . . . . . 

008  | 000000048000000402 |  #  | . . . . . . . . . . . . . . . . . . . . . . . . . r w . . . . . . . . . . . . . . . . . . . . . . . . . . . . . . . . . . . . . . . . . . . . . . . . . . . . . . r . . . . . . . . . . . . . . . . . . . . . . 

009  | 000000000000800002 |  #  | . . . . . . . . . . . . . . . . . . . . . . . . . r . . . . . . . . . . . . . . . . . . . w . . . . . . . . . . . . . . . . . . . . . . . . . . . . . . . . . . . . . . . . . . . . . . . . . . . . . . . . . . 

010  | 000000001400010020 |  #  | . . . . . . . . . . . . . . . . . . . . . . . . . . . . . . . . . . . . . . . . . . . . . . . . . . . . . . w . . . . . . r . . . . . . . . . . . . . . . . . . . . . . . . . . . . . . . . . . . . . . . . . . 

011  | 000081000600220008 |  #  | . w . . . . . . . . . r . . . . . . . . . . . . . . . . . . . . . . . . . . . . . . . . . . . . . . . . . . . . . . . . . . . . . . . . . . . . . . . . . . . . . . . . . . . . . . . . . . . . . . . . . . . . 

012  | 000000060000005400 |  #  | . . . . . . . . . . . . . . . . . . . . . . . . . . . . w . . . . . . . . . . . . . . . . . . . . . . . . . . . . . . . . . . . . . . . . . . r . . . . . . . . . . . . . . . r . . . . r . . . . . . . . . . . 

013  | 00000E000000880200 |  #  | . . . . . . . . . . . . . . . . . . . r . . . . . . . . . . . . . . . . . . . . . w . . . . . . . . . . . . . . . . . . . . . . . . . . . . . . . . . . . . . . . . . . . . . . . . . . . . . . . . . . . . . . 

014  | 000000000500000020 |  #  | . . . . . . . . . . . w . . . . . . . . . . . . . . . . . . . . . . . . . . . . r . . . . . . . . . . . . . . . . . . . . . . . . . . . . . . . . . . . . . . . . . . . . . . . . . . . . . . . . . . . . . . . 

015  | 000000014404000020 |  #  | . . . . . . . . . . . . . . . . . . . . . . . . . w . . . . . . . . . . . . . . r . . . . . . . . . . . . . . . . . . . . . . . . . . . . . . . . . . . . . . . . . . . . . . . . . . . . . . . . . . . . . . . 

016  | 000002010004081200 |  #  | . . . . . . . . . . . . . . . . . . . r . . . . . . . . . . w . . . . . . . . . . . . . . . . . . . . . . . . . . . . . . . . . . . . . . . . r . . . . . . . . . . . . . . . . . . . . . . . . . . . . . . . . 

017  | 000000031504000020 |  #  | . . . . . . . . . . . w . . . . . . . . . . . . . . . . . . . . . . . . . . . . . . . . . . . . . . . . . . . . . . . . . r . . . . . . . . . . . . . . . . . . . . . . . . . . . . . . . . . . . . . . . . . . 

018  | 000000000000000200 |  #  | . . . . . . . . . . . . . . . . . . . . . . . . . . . . . . . . . . . . . . . . . . . . w . . . . . . . . . . . . . . . . . r . . . . . . . . . . . . . . . . . . . . . . . . . . . . . . . . . . . . . . . . . 

019  | 000001000400200200 |  #  | . . . . . . . . . . . . . . . . . . . . . . . . . . . . . . . . . . . . . . . . . . . w . . . . . . . . . . . . . . . . . . r . . . . . . . . . . . . . . . . . . . . . . . . . . . . . . . . . . . . . . . . . 

020  | 000200000000004000 |  #  | . . . . . . . . . . . . . . . . . . . . . . . . . . . . . . . . . . . . . . . . . . . . . . . . . . . . . . w . . . . . . . . . . . . . . . . . . . . . . . . . . . . . . . . . . . . . r . . . . . . . . . . . 

021  | 0000860280040A0200 |  #  | . . . . . . . . . . . . . . . . . . . . . . . . . . . . . . . . . . . . . . . . w . . . . . . . . . . . . . . . . . . . . . . . . . . . . r . . . . . . . . . . . . . . . . . . . . . . . . . . . . . . . . . . 

022  | 000000000702000020 |  #  | . . . . . . . . . . . w . . . . . . . . . . . . . . . . . . . . . . . . . . . . . r . . . . . . . . . . . . . . . . . . . . . . . . . . . . . . . . . . . . . . . . . . . . . . . . . . . . . . . . . . . . . . 

023  | 000000001400000020 |  #  | . . . . . . . . . . . . . . . . . . . w . . . . . . . . . . . . . . . . . . . . . . . . . . . . . . . . . . . . . . . . . r . . . . . . . . . . . . . . . . . . . . . . . . . . . . . . . . . . . . . . . . . . 

024  | 001000868004000100 |  #  | . . . . . . . . . . . . . . . . . . . . . . . . . . . . . . . . . . . . . . . . . . . . . . . . . . . . w . . . . . . . . . . . . . . . . . . . . . . . r . . . . . . . . . . . . . . . . . . . . . . . . . . . 

025  | 000006000600080020 |  #  | . . . . . . . . . . . . . . . . . . . . . . . . . w . . . . . . . . . . . . . . . r . . . . . . . . . . . . . . . . . . . . . . . . . . . . . . . . . . . . . . . . . . . . . . . . . . . . . . . . . . . . . . 

026  | 000000000F00000020 |  #  | . . . . . . . . . . . w . . . . . . . . . . . . . . . . . . . . . . . . . . . . . . . . . . . . . . . . . . . . . r . . . . . . . . . . . . . . . . . . . . . . . . . . . . . . . . . . . . . . . . . . . . . . 

027  | 000000040004010100 |  #  | . . . . . . . . . . . . . . . . . . . . . . . . . . . . . . . . . . . . . . . . . . . . . . . . . . . . . . . . . . . . . . . . . . . . . . . . . . . . r . . . . . . . . . . . . w . . . . . . . . . . . . . . 

028  | 000006055604080020 |  #  | . w . . . . . . . . . . . . . . . . . . . . . . . . . . . . . . . . . . . . . . . . . . . . . . . . . . . . . . . . . . . . . . . . . . . . . . r . . . . . . . . . . . . . . . . . . . . . . . . . . . . . . . 

029  | 00000002C104000020 |  #  | r . . . . . . . . . . w . . . . . . . . . . . . . . . . . . . . . . . . . . . . . . . . . . . . . . . . . . . . . . . . . . . . . . . . . . . . . . . . . . . . . . . . . . . . . . . . . . . . . . . . . . . . 

030  | 000000000100000010 |  #  | . . . . . . . . . . . . . . . . . . . . . . . . . . . . . . . . . . . . . . . . . . . . . . . . . . . . . . . . . . . . . . . . . . . . . . . . . r w . . . . . . . . . . . . . . . . . . . . . . . . . . . . . 

031  | 000001059800200400 |  #  | . . . . . . . . . . . . . . . . . . . . . . . . . . . . . . . . . . . . . . . . . . . . . . . . . . . . . . . . . . . . . . . . . . . . . . . . . . . . . . . . . . . . w r . . . . . . . . . . . . . . . . . . 

032  | 05000006C004000040 |  #  | . . . . . . . . . . . . r . . . . . . . . . . . . . . . . . . . . . . . . . . . . . . . . . . . . . . . . w . . . . . . . . . . . . . . . . . . . . . . . . . . . . . . . . . . . . . . . . . . . . . . . . . . 

033  | 000006000000080800 |  #  | . . . . . . . . . . . . . . . . r . . . . . . . . . . . . . . . . . . . . . . . . . . . . . . . . . . . . . . . . . . . . . . . . . . . . . . . . . . w . . . . . . . . . . . . . . . . . . . . . . . . . . . . 

034  | 000001001900200020 |  #  | . . . . . . . . . . . w . . . . . . . . . . . . . . . . . . . . . . . . . . . . . . . . . . . . . . . . . . . . . . . . . . . . . . . . . . . . . . . r . . . . . . . . . . . . . . . . . . . . . . . . . . . . 

035  | 000031070800A00400 |  #  | . . . . . . . . . . . . . . . . . . . . . . . . . . . . . . . . . . . . . . . . . . . . . . . . . . . . . . . . . . . . . . . . . . . . . . . . . . . . . . . . . . . . . . . . . . w r . . . . . . . . . . . . 

036  | 000000024000001400 |  #  | . . . . . . . . . . . . . . . . . . . . . . . . . . . . . . . . . . . . . . . . . . . . . . . . . . . r . . . . . . . . . . . . . . . . . . . r . . . w . . . . . . . . . . . . . . . . . . . . . . . . . . . . 

037  | 00000108CA00203400 |  #  | . . . . . . . . . . . . . . . . . . . . . . . . . . . . . . . . . . . . . . . . . . . . . . w . . . . . . . . . . . . . . . . . . . . . . . . r . . . . . . . . r . . . . . . . . . . . . . . . . . . . r . . . 

038  | 000000098000000400 |  #  | . . . . . . . . . . . . . . . . . . . . . . . . . . . . . . . . . . w . . . . . . . . . . . . . . . . . . . . . . . . . . . . . . . . . . . . . . . . . . . . . . . . . . . . . . . . . . . . . . . . . . . . r 

039  | 000001090C00203400 |  #  | . . . . . . . . . . . . . . . . . . . . . . . . . . . . . . . . . . . . . . . . . . . . . . . w . . . . . . . . . . . . . . . . . . . . . . . r . . . . . . . . r . . . . . . . . . . . . . . . . . . . . r . . 

040  | 000000034004000000 |  .  | . . . . . . . . . . . . . . . . . . . . . . . . . . . . . . . . . . . . . . . . . . . . . . . . . . . . . . . . . . . . . . . . . . . . . . . . . . . . . . . . . . . . . . . . . . . . . . . . . . . . . . . . 

041  | 000000080004001000 |  #  | . . . . . . . . . . . . . . . . . . . . . . . . . . . . . . . . . . . . . . . . . . . . . . . . w . . . . . . . . . . . . . . . . . . . . . . r . . . . . . . . . . . . . . . . . . . . . . . . . . . . . . . . 

042  | 000000078004000000 |  .  | . . . . . . . . . . . . . . . . . . . . . . . . . . . . . . . . . . . . . . . . . . . . . . . . . . . . . . . . . . . . . . . . . . . . . . . . . . . . . . . . . . . . . . . . . . . . . . . . . . . . . . . . 

043  | 000001088004000080 |  #  | . . . . . . . . . . . . . . . . . . . . . . . . . . . . . . . . . . . . . . r . . . . . . . . . . . . . . . . w . . . . . . . . . . . . . . . . . . . . . . . . . . . . . . . . . . . . . . . . . . . . . . . . 

044  | 000000002100000080 |  #  | . . . . . . . . . . . . . . . . . . . . . . . . . . . . . . . . . . . . . r . . . . . . . . . . . . . . . . . . . . . . . . . . . . . . . . . . . . . . . . . . . . . . . . . . . . . . . . . . . w . . . . . . 

045  | 000000002000000080 |  #  | . . . . . . . . . . . . . . . . . . . . . . . . . . . . . . . . . . . . r . . . . . . . . . . . . . . . . . . . . . . . . . . . . . . . . . . . . . . . . . . . . . . . . . . . . . . . . . . w . . . . . . . . 

046  | 000005048104080080 |  #  | . . . . . . . . . . . . . . . . . . . . . . . . . . . . . . . . . . . . . . . r . . . . . . . . . . . . . . . . . . . . . . . . . . . . . . . . . . . . . . . . . . . . . . . . . . . . . . . . . . . w . . . . 

047  | 000000018000000400 |  #  | . . . . . . . . . . . w . . . . . . . . . . . . . . . . . . . . . . . . . . . . . . . . . r . . . . . . . . . . . . . . . . . . . . . . . . . . . . . . . . . . . . . . . . . . . . . . . . . . . . . . . . . . 

048  | 000000044004000000 |  .  | . . . . . . . . . . . . . . . . . . . . . . . . . . . . . . . . . . . . . . . . . . . . . . . . . . . . . . . . . . . . . . . . . . . . . . . . . . . . . . . . . . . . . . . . . . . . . . . . . . . . . . . . 

049  | 00000004C040000400 |  #  | . . . . . . . . . . . . . . . . . . . . . . . . . . . . . . . . . . . . . . . . . . . . . . . . . . . . . . . . . . . . . . . . . . . . . . . . . . . . . . . . . w r . . . . . . . . . . . . . . . . . . . . . 

050  | 000000000100000001 |  #  | . . r . . . . . . . . . . . . . . . . . . . . . . . . . . . . . . . . . . . . . . . . . . . . . . . . . . . . . . . . . . . . . . . . . . . . . . . . . . . . . . . . . . . . . . . . . w . . . . . . . . . . . 

051  | 000000000000000002 |  #  | . . . . . . . . . . . . . . . . . . . . . . . . . . . . . . . . . . . . . . . . . . . . . . . . . . . . . . . . . . . . . . . . . . . . . . . . . . . . . . r w . . . . . . . . . . . . . . . . . . . . . . . . 

052  | 000000064004030000 |  .  | . . . . . . . . . . . . . . . . . . . . . . . . . . . . . . . . . . . . . . . . . . . . . . . . . . . . . . . . . . . . . . . . . . . . . . . . . . . . . . . . . . . . . . . . . . . . . . . . . . . . . . . . 

053  | 000000000000040002 |  #  | . w . . . . . . . . . . . . . . . . . . . . . . . . . . . . . . . . . . . . . . . . . . . . . . . . . . . . . . . . . . . . . . . . . . . . . . . . . . . . r . . . . . . . . . . . . . . . . . . . . . . . . . 

054  | 000000000000000200 |  #  | . . . . . . . . . . . . . . . w . . . . . . . . . . . . . . . . . . . . . . . . . . . . . . . . . . . . . . . . . . . . . . . . . . . . . r . . . . . . . . . . . . . . . . . . . . . . . . . . . . . . . . . . 

055  | 000101000000200001 |  #  | . . r . . . . . . . . . . . . . . . . . . . . . . . . . . . . . . . . . . . . . . . . . . . . . . . . . . . . . . . . . . . . . . . . . . . . . . . . . . . . . . . . . . . . . w . . . . . . . . . . . . . . . 

056  | 000000000E00000020 |  #  | . . . . . . . . . . . . . . . . . . . . . . . . . w . . . . . . . . . . . . . . . . . . . . . . . . . . . . . . . r . . . . . . . . . . . . . . . . . . . . . . . . . . . . . . . . . . . . . . . . . . . . . . 

057  | 000001000F02200001 |  #  | w . . . r . . . . . . . . . . . . . . . . . . . . . . . . . . . . . . . . . . . . . . . . . . . . . . . . . . . . . . . . . . . . . . . . . . . . . . . . . . . . . . . . . . . . . . . . . . . . . . . . . . . 

058  | 000100000000000001 |  #  | . . . . r . . . . . . . . . . . . . . . . . . . . . . . . . . . . . . . . . . . . . . . . . . . . . . . . . . . . . . . . . w . . . . . . . . . . . . . . . . . . . . . . . . . . . . . . . . . . . . . . . . . 

059  | 004000000000010200 |  #  | . . . . . . . . . . . . . . . . . . . . . . . . . . . . . . . . . . . . . . . . . . . . . . . . . . . . . . . . . w . . . . . . . . r . . . . . . . . . . . . . . . . . . . . . . . . . . . . . . . . . . . . . 

060  | 000000000002000100 |  #  | . . w . . . . . . . . . . . . . . . . . . . . . . . . . . . . . . . . . . . . . . . . . . . . . . . . . . . . . . . . . . . . . . . . . . . . . . . . . r . . . . . . . . . . . . . . . . . . . . . . . . . . . 

061  | 000001030004040200 |  #  | . . . . . . . . . . . . . . . . . . . . . . . . . . . . . . . . . . . . . . . . . . . . . . . . . . . . . . . . . . . . . . . . . . r . . w . . . . . . . . . . . . . . . . . . . . . . . . . . . . . . . . . . 

062  | 000020001800810020 |  #  | . . . . . . . . . . . . . . . w . . . . . . . . . . . . . . . . . . . . . . . . . . . . . . . . . . . . . . . . . . . . . . . . . . . . . . . . . . . r . . . . . . . . . . . . . . . . . . . . . . . . . . . . 

063  | 000000000000000100 |  #  | . . . . w . . . . . . . . . . . . . . . . . . . . . . . . . . . . . . . . . . . . . . . . . . . . . . . . . . . . . . . . . . . . . . . . . . . . . . . r . . . . . . . . . . . . . . . . . . . . . . . . . . . 

064  | 000001001400200100 |  #  | . . . . . . . . . . . . . . . . . . . . . . . . . . . . . . . . . . . . . . . . . . . . . . . . . . . . . . w . . . . . . . . . . . . . . . . . . . . . r . . . . . . . . . . . . . . . . . . . . . . . . . . . 

065  | 000000038000000400 |  #  | . . . . . . . . . . . . . . . . . . . . . . . . . . . . . . . . . w . . . . . . . . . . . . . . . . . . . . . . r . . . . . . . . . . . . . . . . . . . . . . . . . . . . . . . . . . . . . . . . . . . . . . . 

066  | 000003001001200200 |  #  | . . . . . . . . . . . . . . . . . . . . . . . . . . . . . . . . . . . . . . . . . . . . . . . . . . . . . . . . . . . . . w . . . . . r . . . . . . . . . . . . . . . . . . . . . . . . . . . . . . . . . . . . 

067  | 000000004004001810 |  #  | . . . . . . . . . . . . . . . . r . . . . . . . . . . . . . . . . . . . . . . . . . . . . . . . . . . . . . . . . . . . . . . . . . . . . . . r . r . . w . . . . . . . . . . . . . . . . . . . . . . . . . . . 

068  | 0000C40302040A0010 |  #  | . . . . . . . . . . . . . . . . . . . . . . . . . . . . . . . . . . . . . . . . . . . . . . . . . . . . . . . . . . . w . . . . . . . . . . . . . r . . . . . . . . . . . . . . . . . . . . . . . . . . . . . . 

069  | 000000800000000100 |  #  | . . . . . . . . . . . w . . . . . . . . . . r . . . . . . . . . . . . . . . . . . . . . . . . . . . . . . . . . . . . . . . . . . . . . . . . . . . . . . . . . . . . . . . . . . . . . . . . . . . . . . . . . 

070  | 000000000000000100 |  #  | . . . . . . . . . . . . . . . . . . . . . . r . w . . . . . . . . . . . . . . . . . . . . . . . . . . . . . . . . . . . . . . . . . . . . . . . . . . . . . . . . . . . . . . . . . . . . . . . . . . . . . . . 

071  | 000000000000000100 |  #  | . . . . . . . . . . . . . . . . . . . . . . r . . . . . . . . . . . . . . . . . . . . . . . . . . . . . . . w . . . . . . . . . . . . . . . . . . . . . . . . . . . . . . . . . . . . . . . . . . . . . . . . . 

072  | 000004000000080200 |  #  | . . . . . . . . . . . . . . . . . . . . . . . . . . . . . . . . . . . . . . . . . . . . . . . . . . . . . . . . . . . . . . . . . . . r . . . . . . . . . . w . . . . . . . . . . . . . . . . . . . . . . . . . 

073  | 000000800006000100 |  #  | . . . . . . . . . . . w . . . . . . . . . r . . . . . . . . . . . . . . . . . . . . . . . . . . . . . . . . . . . . . . . . . . . . . . . . . . . . . . . . . . . . . . . . . . . . . . . . . . . . . . . . . . 

074  | 000000000001000020 |  #  | r . . . . . . . . . . . . . . . . . . . . . . . . . . . . . . . . . . . . . . . . . . . . . . . . . . . . . . . . . . . . . . . . . w . . . . . . . . . . . . . . . . . . . . . . . . . . . . . . . . . . . . . 

075  | 000000030104000001 |  #  | . . . . . . . . r . . . . . . . . . . . . . w . . . . . . . . . . . . . . . . . . . . . . . . . . . . . . . . . . . . . . . . . . . . . . . . . . . . . . . . . . . . . . . . . . . . . . . . . . . . . . . . . 

076  | 000000000002020100 |  #  | . . . . . . . . . . . . . . . . . . . . . r . w . . . . . . . . . . . . . . . . . . . . . . . . . . . . . . . . . . . . . . . . . . . . . . . . . . . . . . . . . . . . . . . . . . . . . . . . . . . . . . . . 

077  | 000101001400200001 |  #  | . . . . . . . . r . . . . . . . . . . . . . . . . . . . . . . . . . . . . . . . . . . . . . . . . . . . . . . . . . . . . . . . . . . w . . . . . . . . . . . . . . . . . . . . . . . . . . . . . . . . . . . . 

078  | 000000000000000100 |  #  | . . . . . . . . . . . . . . . . . . . . . r . . . . . . . . . . . . . . . . . . . . . . . . . . . . . . . . w . . . . . . . . . . . . . . . . . . . . . . . . . . . . . . . . . . . . . . . . . . . . . . . . . 

079  | 000000000000000200 |  #  | . . . . . . . . . . . . . . . . . . . . . . . . . . . . . . . . . . . . . . . . . . . . . . . . . . . . . . . . . . . . . w . . . . . . r . . . . . . . . . . . . . . . . . . . . . . . . . . . . . . . . . . . 

080  | 000000000001000200 |  #  | . . . . . . . . . . . . . . . . . . . . . . . . . . . . . . . . . . . . . . . . . . . . . . . . . . . . . . . . . . . . . . . . . . . . r . . . . . . . . . w . . . . . . . . . . . . . . . . . . . . . . . . . 

081  | 000001074104100001 |  #  | . . . . . . . . . r . . . . . . . . . . . w . . . . . . . . . . . . . . . . . . . . . . . . . . . . . . . . . . . . . . . . . . . . . . . . . . . . . . . . . . . . . . . . . . . . . . . . . . . . . . . . . . 

082  | 004000000000010200 |  #  | . . . . . . . . . . . . . . . . . . . . . . . . . . . . . . . . . . . . . . . . . . . . . . . . . . . . . . . . . . . . . . . . . . . . . . r . . w . . . . . . . . . . . . . . . . . . . . . . . . . . . . . . 

083  | 000000004000000400 |  #  | . . . . . . . . w . . . . . . . . . . . . . . . r . . . . . . . . . . . . . . . . . . . . . . . . . . . . . . . . . . . . . . . . . . . . . . . . . . . . . . . . . . . . . . . . . . . . . . . . . . . . . . . 

084  | 000000800000100100 |  #  | . . . . . . . . . . . . . . . . . . . . . . . . . . . . . . . . . . . . . . . . . . . . . . . . . . . . . . . . . . . . . . . . . . . . . . . . . . . . . . . . . . . . . . . . . . . . . r w . . . . . . . . . 

085  | 000000020004000200 |  #  | . . . . . . . . . . . . . . . . . . . . . . . . . . . . . . . . . . . . . . . . . . . . . . . . . . . . . . . . . . . . . . . . . . . . . . r . . w . . . . . . . . . . . . . . . . . . . . . . . . . . . . . . 

086  | 00000005C006000000 |  .  | . . . . . . . . . . . . . . . . . . . . . . . . . . . . . . . . . . . . . . . . . . . . . . . . . . . . . . . . . . . . . . . . . . . . . . . . . . . . . . . . . . . . . . . . . . . . . . . . . . . . . . . . 

087  | 000100000000000001 |  #  | . . . . . . . . . r . . . . . . . . . . . . . . . . . . . . . . . . . . . . . . . . . . . . . . . . . . . . . . . . . . . . . . . . . . w . . . . . . . . . . . . . . . . . . . . . . . . . . . . . . . . . . . 

088  | 000000000000020200 |  #  | . . . . . . . . . . . . . . . . . . . . r . . . . . . . . . . . . . . . . . . . . . . . . . . . . . w . . . . . . . . . . . . . . . . . . . . . . . . . . . . . . . . . . . . . . . . . . . . . . . . . . . . . 

089  | 000000000002000100 |  #  | . . . . . . . . . . . . . . . . . . . . . . . . . . . . . . . . . . . . . . . . . . . . . . . . . . . . . . . . . . . . . . . . . . . . . . . . . . . . . . . . . . . . . . w . . . . . . r . . . . . . . . . . 

090  | 000010000102000001 |  #  | . . . . . . . . . . r . . . . . . . . . . . . . . . . . . . . . . . . . . . . . . . . . . . . . . . . . . . . . . . . . . . . . . . . . . . w . . . . . . . . . . . . . . . . . . . . . . . . . . . . . . . . . 

091  | 000010000000800001 |  #  | . . . . . . . . . . r . . . . . . . . . . . . . . . . . . . . . . . . . . . . . . . . . . . . . . . . . . . . . . . . . . . . . . . . . . . w . . . . . . . . . . . . . . . . . . . . . . . . . . . . . . . . . 

092  | 000018000000810200 |  #  | . . . . . . . . . . . . . . . . . . . . r . . . . . . . . . . . . . . . . . . . . . . . . . . . . . . . . . . . . . . . . . . . . . . . . . . . . . . . . . w . . . . . . . . . . . . . . . . . . . . . . . . . 

093  | 000000000000000400 |  #  | . . . . . . . . . w . . . . . . . . . . . . . r . . . . . . . . . . . . . . . . . . . . . . . . . . . . . . . . . . . . . . . . . . . . . . . . . . . . . . . . . . . . . . . . . . . . . . . . . . . . . . . . 

094  | 00000007C000000400 |  #  | . . . . . . . . . . . . . . . . . . . . . . . . . . . . . . . w . . . . . . . . . . . . . . . . . . . . . . . . . . . . . . . . . . . . . . . . . . . . . . . . . . . . . . . . . . . . . . . . r . . . . . . . 

095  | 000000084000010400 |  #  | . . . . . . . . . . . . . . . . . . . . . . . . . . . . . . . . w . . . . . . . . . . . . . . . . . . . . . . . . . . . . . . . . . . . . . . . . . . . . . . . . . . . . . . . . . . . . . . . . . r . . . . . 

096  | 000000001202000020 |  #  | . . . . . . . . . . w . . . . . . . . . . . . . . . . . . . . . . . . . . . . . . . . . . . . . . . . . . . . . . . . . r . . . . . . . . . . . . . . . . . . . . . . . . . . . . . . . . . . . . . . . . . . . 

097  | 000000000100000080 |  #  | . . . . . . . . . . . . . . . . . . . . w . . . . . . . . . . . . . . r . . . . . . . . . . . . . . . . . . . . . . . . . . . . . . . . . . . . . . . . . . . . . . . . . . . . . . . . . . . . . . . . . . . . 

098  | 000000000000000000 |  .  | . . . . . . . . . . . . . . . . . . . . . . . . . . . . . . . . . . . . . . . . . . . . . . . . . . . . . . . . . . . . . . . . . . . . . . . . . . . . . . . . . . . . . . . . . . . . . . . . . . . . . . . . 

099  | 00000303D204200000 |  .  | . . . . . . . . . . . . . . . . . . . . . . . . . . . . . . . . . . . . . . . . . . . . . . . . . . . . . . . . . . . . . . . . . . . . . . . . . . . . . . . . . . . . . . . . . . . . . . . . . . . . . . . . 

100  | 000000000000800000 |  .  | . . . . . . . . . . . . . . . . . . . . . . . . . . . . . . . . . . . . . . . . . . . . . . . . . . . . . . . . . . . . . . . . . . . . . . . . . . . . . . . . . . . . . . . . . . . . . . . . . . . . . . . . 

101  | 000000000000000800 |  #  | . . . . . . . . . . . . . . . . r . . . . . . . . . . . . . . . . . . . . . . . . . . . . . . . . . . . . . . . . . . . w . . . . . . . . . . . . . . . . . . . . . . . . . . . . . . . . . . . . . . . . . . . 

102  | 000003001200200800 |  #  | . . . . . . . . . . . . . . . . r . . . . . . . . . . . . . . . . . . . . . . . . . . . . . . . . . . . . . . . . . w . . . . . . . . . . . . . . . . . . . . . . . . . . . . . . . . . . . . . . . . . . . . . 

103  | 000001001200200800 |  #  | . . . . . . . . . . . . . . . . r . . . . . . . . . . . w . . . . . . . . . . . . . . . . . . . . . . . . . . . . . . . . . . . . . . . . . . . . . . . . . . . . . . . . . . . . . . . . . . . . . . . . . . . 

104  | 000000000000001800 |  #  | . . . . . . . . . . . . . . . . r . . . . . . . . . . . . . . . . . . . . . . . . . . . . . . . . . . . . . . . . . . . w . . . . . . . . . . r . . . . . . . . . . . . . . . . . . . . . . . . . . . . . . . . 

105  | 000000001000000820 |  #  | . . . . . . . . . . . . . . . . r . . . . . . . . . . . . . . . . . . . . . . . . . . . . . . . . . . . . . . . . . . r w . . . . . . . . . . . . . . . . . . . . . . . . . . . . . . . . . . . . . . . . . . . 

106  | 000000000000000000 |  .  | . . . . . . . . . . . . . . . . . . . . . . . . . . . . . . . . . . . . . . . . . . . . . . . . . . . . . . . . . . . . . . . . . . . . . . . . . . . . . . . . . . . . . . . . . . . . . . . . . . . . . . . . 

107  | 000000058004000000 |  .  | . . . . . . . . . . . . . . . . . . . . . . . . . . . . . . . . . . . . . . . . . . . . . . . . . . . . . . . . . . . . . . . . . . . . . . . . . . . . . . . . . . . . . . . . . . . . . . . . . . . . . . . . 

108  | 000030000008000000 |  .  | . . . . . . . . . . . . . . . . . . . . . . . . . . . . . . . . . . . . . . . . . . . . . . . . . . . . . . . . . . . . . . . . . . . . . . . . . . . . . . . . . . . . . . . . . . . . . . . . . . . . . . . . 

109  | 050000000000000240 |  #  | . . . . . . . . . . . . r . . . w . . . . . . . . . . . . . . . . . . . . . . . . . . . . . . . . . . . . . . . . . . . . . . r . . . . . . . . . . . . . . . . . . . . . . . . . . . . . . . . . . . . . . . . 

110  | 000060000008000200 |  #  | . . . . . . . . . . . . . . . . . . . . . . . . . . . . . . . . . . . . . . . . . . . . . . . . . . . . . . . . . . . . . . . r . . . . . . . . . . . . . . . . . . . . . w . . . . . . . . . . . . . . . . . . 

111  | 000000000000000100 |  #  | . . . . . . . . . . . . . . . . w . . . . . . . . . . . . . . . . . . . . . . . . . . . . . . . . . . . . . . . . . . . . . . . . . . . . . . . . . . . . . . . . . . . . . . . . . . . . r . . . . . . . . . . 

112  | 000040000008000000 |  .  | . . . . . . . . . . . . . . . . . . . . . . . . . . . . . . . . . . . . . . . . . . . . . . . . . . . . . . . . . . . . . . . . . . . . . . . . . . . . . . . . . . . . . . . . . . . . . . . . . . . . . . . . 

113  | 000000000001000200 |  #  | . . . . . . . . . . . . . . . . w . . . . . . . . . . . . . . . . . . . . . . . . . . . . . . . . . . . . . . . . . . . . . . . r . . . . . . . . . . . . . . . . . . . . . . . . . . . . . . . . . . . . . . . 

114  | 000000058004001080 |  #  | . . . . . . . . . . . . . . . . . . . . . . . . . . . . . r . . . . . . . . . . . . . . . . . . . . . . . . . . . . . . . . . . . . . . . . . r . . . . . . . . . . . . . . . . . . . . . w . . . . . . . . . . 

115  | 000010000002000000 |  .  | . . . . . . . . . . . . . . . . . . . . . . . . . . . . . . . . . . . . . . . . . . . . . . . . . . . . . . . . . . . . . . . . . . . . . . . . . . . . . . . . . . . . . . . . . . . . . . . . . . . . . . . . 

116  | 000001000900200001 |  #  | . . . . . . . r . . . . . . . . . . . . . . . . . . . . . . . . . . . . . . . . . . . . . . . . . . . . . . . . . . . . . . . w . . . . . . . . . . . . . . . . . . . . . . . . . . . . . . . . . . . . . . . . 

117  | 000000000000000200 |  #  | . . . . . . . . . . . . . . . . . . . . . . . . . . . . . . . . . . . . . . . . . . . . . . . . . . . . . . . . . . . . . . . . r . . . . . . . . . . . . . . . . . . . . w . . . . . . . . . . . . . . . . . . 

118  | 000000000002000001 |  #  | . . . . . . . r . . . . . . . . . . . . . . . . . . . . . . . . . . . . . . . . . . . . . . w . . . . . . . . . . . . . . . . . . . . . . . . . . . . . . . . . . . . . . . . . . . . . . . . . . . . . . . . . 

119  | 000000000000000001 |  #  | . . . . . . . r . . . . . . . . . . . . . . . . . . . . . . . . . . . . . . . . . . . . . . . . . . . . . . . . . . . . . . . w . . . . . . . . . . . . . . . . . . . . . . . . . . . . . . . . . . . . . . . . 

120  | 000000000000000000 |  .  | . . . . . . . . . . . . . . . . . . . . . . . . . . . . . . . . . . . . . . . . . . . . . . . . . . . . . . . . . . . . . . . . . . . . . . . . . . . . . . . . . . . . . . . . . . . . . . . . . . . . . . . . 

121  | 000000000000000000 |  .  | . . . . . . . . . . . . . . . . . . . . . . . . . . . . . . . . . . . . . . . . . . . . . . . . . . . . . . . . . . . . . . . . . . . . . . . . . . . . . . . . . . . . . . . . . . . . . . . . . . . . . . . . 

122  | 000000000000000000 |  .  | . . . . . . . . . . . . . . . . . . . . . . . . . . . . . . . . . . . . . . . . . . . . . . . . . . . . . . . . . . . . . . . . . . . . . . . . . . . . . . . . . . . . . . . . . . . . . . . . . . . . . . . . 

123  | 000000000000010000 |  .  | . . . . . . . . . . . . . . . . . . . . . . . . . . . . . . . . . . . . . . . . . . . . . . . . . . . . . . . . . . . . . . . . . . . . . . . . . . . . . . . . . . . . . . . . . . . . . . . . . . . . . . . . 

124  | 000000000108000001 |  #  | . . . . . . . w . . . . . . . . . . . . . . . . . . . . . . . . . . . . . . . . . . . . . . . . . . . . . . . . . . . . . . . . . . . . . . . . . . . . . r . . . . . . . . . . . . . . . . . . . . . . . . . . 

125  | 000150000008000001 |  #  | . . . . . . . . . . . . . . . . w . . . . . . . . . . . . . . . . . . . . . . . . . . . . . . . . . . . . . . . . . . . . . . . . . . . . . . . . . . . . r . . . . . . . . . . . . . . . . . . . . . . . . . . 

126  | 000000070004010200 |  #  | . . . . . . . . . . . . . . . . w . . . . . . . . . . . . . . . . . . . . . . . . . . . . . . . . . . . . . . . . . . . . . . . . r . . . . . . . . . . . . . . . . . . . . . . . . . . . . . . . . . . . . . . 

127  | 000010000802000020 |  #  | . . . . . . . w . . . . . . . . . . . . . . . . . . . . . . . . . . . . . . . . . . . . . . r . . . . . . . . . . . . . . . . . . . . . . . . . . . . . . . . . . . . . . . . . . . . . . . . . . . . . . . . . 

128  | 000000000100000001 |  #  | . . . . . r . . . . . . . . . . . . . . . . . . . . . . . . . . . . . . . . . . . . . . . . . . . . . . . . . . . . . . . . . . w . . . . . . . . . . . . . . . . . . . . . . . . . . . . . . . . . . . . . . . 

129  | 000000000000010200 |  #  | . . . . . . . . . . . . . . . . . . . . . . . . . . . . . . . . . . . . . . . . . . . . . . . . . . . . . . . . . . . . . . . . . r . . . . . . . . . . . . . . . . . . . . . . . . . w . . . . . . . . . . . . 

130  | 050001000A00200040 |  #  | . . . . . . . . . . . . r . . . . . . . . . . . . . . . . . . . . . . . . . . . . . . . . . . . . . . . . . . . . . . . . . . . . . . . . . . . . . . . . w . . . . . . . . . . . . . . . . . . . . . . . . . . 

131  | 000000000000000000 |  .  | . . . . . . . . . . . . . . . . . . . . . . . . . . . . . . . . . . . . . . . . . . . . . . . . . . . . . . . . . . . . . . . . . . . . . . . . . . . . . . . . . . . . . . . . . . . . . . . . . . . . . . . . 

132  | 000000000002000001 |  #  | . . . . . r . . . . . . . . . . . . . . . . . . . . . . . . . . . . . . . . . . . . . . . . . w . . . . . . . . . . . . . . . . . . . . . . . . . . . . . . . . . . . . . . . . . . . . . . . . . . . . . . . . 

133  | 000000000000000001 |  #  | . . . . . r . . . . . . . . . . . . . . . . . . . . . . . . . . . . . . . . . . . . . . . . . . . . . . . . . . . . . . . . . . w . . . . . . . . . . . . . . . . . . . . . . . . . . . . . . . . . . . . . . . 

134  | 000000000000000000 |  .  | . . . . . . . . . . . . . . . . . . . . . . . . . . . . . . . . . . . . . . . . . . . . . . . . . . . . . . . . . . . . . . . . . . . . . . . . . . . . . . . . . . . . . . . . . . . . . . . . . . . . . . . . 

135  | 0000C3000100400000 |  .  | . . . . . . . . . . . . . . . . . . . . . . . . . . . . . . . . . . . . . . . . . . . . . . . . . . . . . . . . . . . . . . . . . . . . . . . . . . . . . . . . . . . . . . . . . . . . . . . . . . . . . . . . 

136  | 000000000908000020 |  #  | . . . . . . . . . . . . w . . . . . . . . . . . . . . . . . . . . . . . . . . . . . . . . . r . . . . . . . . . . . . . . . . . . . . . . . . . . . . . . . . . . . . . . . . . . . . . . . . . . . . . . . . . 

137  | 000000000800010020 |  #  | . . . . . . . . . . . . . . . . w . . . . . . . . . . . . . . . . . . . . . . . . . . . . . r . . . . . . . . . . . . . . . . . . . . . . . . . . . . . . . . . . . . . . . . . . . . . . . . . . . . . . . . . 

138  | 000000000A00010020 |  #  | . . . . . w . . . . . . . . . . . . . . . . . . . . . . . . . . . . . . . . . . . . . . . . . r . . . . . . . . . . . . . . . . . . . . . . . . . . . . . . . . . . . . . . . . . . . . . . . . . . . . . . . . 

139  | 000010000108000001 |  #  | . . . . . w . . . . . . . . . . . r . . . . . . . . . . . . . . . . . . . . . . . . . . . . . . . . . . . . . . . . . . . . . . . . . . . . . . . . . . . . . . . . . . . . . . . . . . . . . . . . . . . . . . 

140  | 000100000000000001 |  #  | . . . . . . . . . . . . . . . . w r . . . . . . . . . . . . . . . . . . . . . . . . . . . . . . . . . . . . . . . . . . . . . . . . . . . . . . . . . . . . . . . . . . . . . . . . . . . . . . . . . . . . . . 

141  | 000000000000000000 |  .  | . . . . . . . . . . . . . . . . . . . . . . . . . . . . . . . . . . . . . . . . . . . . . . . . . . . . . . . . . . . . . . . . . . . . . . . . . . . . . . . . . . . . . . . . . . . . . . . . . . . . . . . . 

142  | 000082000100400000 |  .  | . . . . . . . . . . . . . . . . . . . . . . . . . . . . . . . . . . . . . . . . . . . . . . . . . . . . . . . . . . . . . . . . . . . . . . . . . . . . . . . . . . . . . . . . . . . . . . . . . . . . . . . . 

143  | 050040000008000040 |  #  | . . . . . . . . . . . . w r . . . . . . . . . . . . . . . . . . . . . . . . . . . . . . . . . . . . . . . . . . . . . . . . . . . . . . . . . . . . . . . . . . . . . . . . . . . . . . . . . . . . . . . . . . 

144  | 050000000000010040 |  #  | . . . . . . . . . . . . . r . . w . . . . . . . . . . . . . . . . . . . . . . . . . . . . . . . . . . . . . . . . . . . . . . . . . . . . . . . . . . . . . . . . . . . . . . . . . . . . . . . . . . . . . . . 

145  | 050010000002000040 |  #  | . . . . . . . . . . . . . r . . . w . . . . . . . . . . . . . . . . . . . . . . . . . . . . . . . . . . . . . . . . . . . . . . . . . . . . . . . . . . . . . . . . . . . . . . . . . . . . . . . . . . . . . . 

146  | 000001000D00200001 |  #  | . . . . . . r . . . . . . . . . . . . . . . . . . . . . . . . . . . . . . . . . . . . . . . . . . . . . . . . . . . . . . . . . . w . . . . . . . . . . . . . . . . . . . . . . . . . . . . . . . . . . . . . . 

147  | 000000000000000000 |  .  | . . . . . . . . . . . . . . . . . . . . . . . . . . . . . . . . . . . . . . . . . . . . . . . . . . . . . . . . . . . . . . . . . . . . . . . . . . . . . . . . . . . . . . . . . . . . . . . . . . . . . . . . 

148  | 000000000002000001 |  #  | . . . . . . r . . . . . . . . . . . . . . . . . . . . . . . . . . . . . . . . . . . . . . . . . w . . . . . . . . . . . . . . . . . . . . . . . . . . . . . . . . . . . . . . . . . . . . . . . . . . . . . . . 

149  | 000000000000000001 |  #  | . . . . . . r . . . . . . . . . . . . . . . . . . . . . . . . . . . . . . . . . . . . . . . . . . . . . . . . . . . . . . . . . . w . . . . . . . . . . . . . . . . . . . . . . . . . . . . . . . . . . . . . . 

150  | 000000000000000000 |  .  | . . . . . . . . . . . . . . . . . . . . . . . . . . . . . . . . . . . . . . . . . . . . . . . . . . . . . . . . . . . . . . . . . . . . . . . . . . . . . . . . . . . . . . . . . . . . . . . . . . . . . . . . 

151  | 000082000100400000 |  .  | . . . . . . . . . . . . . . . . . . . . . . . . . . . . . . . . . . . . . . . . . . . . . . . . . . . . . . . . . . . . . . . . . . . . . . . . . . . . . . . . . . . . . . . . . . . . . . . . . . . . . . . . 

152  | 050000000000000040 |  #  | . . . . . . . . . . . . . w r . . . . . . . . . . . . . . . . . . . . . . . . . . . . . . . . . . . . . . . . . . . . . . . . . . . . . . . . . . . . . . . . . . . . . . . . . . . . . . . . . . . . . . . . . 

153  | 0000C3000100400000 |  .  | . . . . . . . . . . . . . . . . . . . . . . . . . . . . . . . . . . . . . . . . . . . . . . . . . . . . . . . . . . . . . . . . . . . . . . . . . . . . . . . . . . . . . . . . . . . . . . . . . . . . . . . . 

154  | 000000000B00010020 |  #  | . . . . . . . . . . . . . w . . . . . . . . . . . . . . . . . . . . . . . . . . . . . . . . . r . . . . . . . . . . . . . . . . . . . . . . . . . . . . . . . . . . . . . . . . . . . . . . . . . . . . . . . . 

155  | 000020000108000001 |  #  | . . . . . . w . . . . . . . . . . . r . . . . . . . . . . . . . . . . . . . . . . . . . . . . . . . . . . . . . . . . . . . . . . . . . . . . . . . . . . . . . . . . . . . . . . . . . . . . . . . . . . . . . 

156  | 000150000008000001 |  #  | . . . . . . . . . . . . . . . . w . r . . . . . . . . . . . . . . . . . . . . . . . . . . . . . . . . . . . . . . . . . . . . . . . . . . . . . . . . . . . . . . . . . . . . . . . . . . . . . . . . . . . . . 

157  | 050000000000010040 |  #  | . . . . . . . . . . . . . . r . w . . . . . . . . . . . . . . . . . . . . . . . . . . . . . . . . . . . . . . . . . . . . . . . . . . . . . . . . . . . . . . . . . . . . . . . . . . . . . . . . . . . . . . . 

158  | 000010000C08000020 |  #  | . . . . . . w . . . . . . . . . . . . . . . . . . . . . . . . . . . . . . . . . . . . . . . . . r . . . . . . . . . . . . . . . . . . . . . . . . . . . . . . . . . . . . . . . . . . . . . . . . . . . . . . . 

159  | 000000000A00000020 |  #  | . . . . . . . . . . . . . . . . w . . . . . . . . . . . . . . . . . . . . . . . . . . . . . . r . . . . . . . . . . . . . . . . . . . . . . . . . . . . . . . . . . . . . . . . . . . . . . . . . . . . . . . . 

160  | 000001000C00210000 |  .  | . . . . . . . . . . . . . . . . . . . . . . . . . . . . . . . . . . . . . . . . . . . . . . . . . . . . . . . . . . . . . . . . . . . . . . . . . . . . . . . . . . . . . . . . . . . . . . . . . . . . . . . . 

161  | 050000000000000040 |  #  | . . . . . . . . . . . . . . r . . . w . . . . . . . . . . . . . . . . . . . . . . . . . . . . . . . . . . . . . . . . . . . . . . . . . . . . . . . . . . . . . . . . . . . . . . . . . . . . . . . . . . . . . 

162  | 000003095304200001 |  #  | . . . r . . . . . . . . . . . . . . . . . . . . . . . . . . . . . . . . . . . . . . . . . . . . w . . . . . . . . . . . . . . . . . . . . . . . . . . . . . . . . . . . . . . . . . . . . . . . . . . . . . . . 

163  | 000000000000000000 |  .  | . . . . . . . . . . . . . . . . . . . . . . . . . . . . . . . . . . . . . . . . . . . . . . . . . . . . . . . . . . . . . . . . . . . . . . . . . . . . . . . . . . . . . . . . . . . . . . . . . . . . . . . . 

164  | 000000000000000001 |  #  | . . . r . . . . . . . . . . . . . . . . . . . . . . . . . . . . . . . . . . . . . . . . . . . . . . . . . . . . . . . . w . . . . . . . . . . . . . . . . . . . . . . . . . . . . . . . . . . . . . . . . . . . 

165  | 000000000000000001 |  #  | . . . r . . . . . . . . . . . . . . . . . . . . . . . . . . . . . . . . . . . . . . . . . . . . . . . . . . . . . . . . . . . . . . . . . . . . . . . . . . . . . . . . . . . . . . . . . . . . . . . . . . w . 

166  | 000000000000000000 |  .  | . . . . . . . . . . . . . . . . . . . . . . . . . . . . . . . . . . . . . . . . . . . . . . . . . . . . . . . . . . . . . . . . . . . . . . . . . . . . . . . . . . . . . . . . . . . . . . . . . . . . . . . . 

167  | 0000C3000100400000 |  .  | . . . . . . . . . . . . . . . . . . . . . . . . . . . . . . . . . . . . . . . . . . . . . . . . . . . . . . . . . . . . . . . . . . . . . . . . . . . . . . . . . . . . . . . . . . . . . . . . . . . . . . . . 

168  | 000020000D08000020 |  #  | . . . . . . . . . . . . . . w . . . . . . . . . . . . . . . . . . . . . . . . . . . . . . . . . r . . . . . . . . . . . . . . . . . . . . . . . . . . . . . . . . . . . . . . . . . . . . . . . . . . . . . . . 

169  | 000000000C00010020 |  #  | . . . . . . . . . . . . . . . . w . . . . . . . . . . . . . . . . . . . . . . . . . . . . . . . r . . . . . . . . . . . . . . . . . . . . . . . . . . . . . . . . . . . . . . . . . . . . . . . . . . . . . . . 

170  | 000000000200000020 |  #  | . . . w . . . . . . . . . . . . . . . . . . . . . . . r . . . . . . . . . . . . . . . . . . . . . . . . . . . . . . . . . . . . . . . . . . . . . . . . . . . . . . . . . . . . . . . . . . . . . . . . . . . . 

171  | 000082000100400000 |  .  | . . . . . . . . . . . . . . . . . . . . . . . . . . . . . . . . . . . . . . . . . . . . . . . . . . . . . . . . . . . . . . . . . . . . . . . . . . . . . . . . . . . . . . . . . . . . . . . . . . . . . . . . 

172  | 00000003C000000400 |  #  | . . . . . . . . . . . . . . w . . . . . . . . . . . . . . . . . . . . . . . . . . . . . . . . . . . . . . . . . . . r . . . . . . . . . . . . . . . . . . . . . . . . . . . . . . . . . . . . . . . . . . . . . 

173  | 000000000000000000 |  .  | . . . . . . . . . . . . . . . . . . . . . . . . . . . . . . . . . . . . . . . . . . . . . . . . . . . . . . . . . . . . . . . . . . . . . . . . . . . . . . . . . . . . . . . . . . . . . . . . . . . . . . . . 

174  | 000003000200200000 |  .  | . . . . . . . . . . . . . . . . . . . . . . . . . . . . . . . . . . . . . . . . . . . . . . . . . . . . . . . . . . . . . . . . . . . . . . . . . . . . . . . . . . . . . . . . . . . . . . . . . . . . . . . . 

175  | 000000000000000000 |  .  | . . . . . . . . . . . . . . . . . . . . . . . . . . . . . . . . . . . . . . . . . . . . . . . . . . . . . . . . . . . . . . . . . . . . . . . . . . . . . . . . . . . . . . . . . . . . . . . . . . . . . . . . 

176  | 000000050000003400 |  #  | . . . . . . . . . . . . . . . . . . . . . . . . . . . w . . . . . . . . . . . . . . . . . . . . . . . . . . . . . . . . . . . . . . . . . . . r . . . . . . . . r . . r . . . . . . . . . . . . . . . . . . . . 

177  | 000000000000000000 |  .  | . . . . . . . . . . . . . . . . . . . . . . . . . . . . . . . . . . . . . . . . . . . . . . . . . . . . . . . . . . . . . . . . . . . . . . . . . . . . . . . . . . . . . . . . . . . . . . . . . . . . . . . . 

178  | 000000000000000000 |  .  | . . . . . . . . . . . . . . . . . . . . . . . . . . . . . . . . . . . . . . . . . . . . . . . . . . . . . . . . . . . . . . . . . . . . . . . . . . . . . . . . . . . . . . . . . . . . . . . . . . . . . . . . 

179  | 000000000000000000 |  .  | . . . . . . . . . . . . . . . . . . . . . . . . . . . . . . . . . . . . . . . . . . . . . . . . . . . . . . . . . . . . . . . . . . . . . . . . . . . . . . . . . . . . . . . . . . . . . . . . . . . . . . . . 

180  | 000000000000000000 |  .  | . . . . . . . . . . . . . . . . . . . . . . . . . . . . . . . . . . . . . . . . . . . . . . . . . . . . . . . . . . . . . . . . . . . . . . . . . . . . . . . . . . . . . . . . . . . . . . . . . . . . . . . . 

181  | 000000000000000000 |  .  | . . . . . . . . . . . . . . . . . . . . . . . . . . . . . . . . . . . . . . . . . . . . . . . . . . . . . . . . . . . . . . . . . . . . . . . . . . . . . . . . . . . . . . . . . . . . . . . . . . . . . . . . 

182  | 000000000000000000 |  .  | . . . . . . . . . . . . . . . . . . . . . . . . . . . . . . . . . . . . . . . . . . . . . . . . . . . . . . . . . . . . . . . . . . . . . . . . . . . . . . . . . . . . . . . . . . . . . . . . . . . . . . . . 

183  | 000000000000000000 |  .  | . . . . . . . . . . . . . . . . . . . . . . . . . . . . . . . . . . . . . . . . . . . . . . . . . . . . . . . . . . . . . . . . . . . . . . . . . . . . . . . . . . . . . . . . . . . . . . . . . . . . . . . . 

184  | 000000000000000000 |  .  | . . . . . . . . . . . . . . . . . . . . . . . . . . . . . . . . . . . . . . . . . . . . . . . . . . . . . . . . . . . . . . . . . . . . . . . . . . . . . . . . . . . . . . . . . . . . . . . . . . . . . . . . 

185  | 000000000000000000 |  .  | . . . . . . . . . . . . . . . . . . . . . . . . . . . . . . . . . . . . . . . . . . . . . . . . . . . . . . . . . . . . . . . . . . . . . . . . . . . . . . . . . . . . . . . . . . . . . . . . . . . . . . . . 

186  | 000000000000000000 |  .  | . . . . . . . . . . . . . . . . . . . . . . . . . . . . . . . . . . . . . . . . . . . . . . . . . . . . . . . . . . . . . . . . . . . . . . . . . . . . . . . . . . . . . . . . . . . . . . . . . . . . . . . . 

187  | 000000000000000000 |  .  | . . . . . . . . . . . . . . . . . . . . . . . . . . . . . . . . . . . . . . . . . . . . . . . . . . . . . . . . . . . . . . . . . . . . . . . . . . . . . . . . . . . . . . . . . . . . . . . . . . . . . . . . 

188  | 000000000000000000 |  .  | . . . . . . . . . . . . . . . . . . . . . . . . . . . . . . . . . . . . . . . . . . . . . . . . . . . . . . . . . . . . . . . . . . . . . . . . . . . . . . . . . . . . . . . . . . . . . . . . . . . . . . . . 

189  | 000000000000000000 |  .  | . . . . . . . . . . . . . . . . . . . . . . . . . . . . . . . . . . . . . . . . . . . . . . . . . . . . . . . . . . . . . . . . . . . . . . . . . . . . . . . . . . . . . . . . . . . . . . . . . . . . . . . . 

190  | 000000000000000000 |  .  | . . . . . . . . . . . . . . . . . . . . . . . . . . . . . . . . . . . . . . . . . . . . . . . . . . . . . . . . . . . . . . . . . . . . . . . . . . . . . . . . . . . . . . . . . . . . . . . . . . . . . . . . 

191  | 000000000000000000 |  .  | . . . . . . . . . . . . . . . . . . . . . . . . . . . . . . . . . . . . . . . . . . . . . . . . . . . . . . . . . . . . . . . . . . . . . . . . . . . . . . . . . . . . . . . . . . . . . . . . . . . . . . . . 

192  | 000000000000000000 |  .  | . . . . . . . . . . . . . . . . . . . . . . . . . . . . . . . . . . . . . . . . . . . . . . . . . . . . . . . . . . . . . . . . . . . . . . . . . . . . . . . . . . . . . . . . . . . . . . . . . . . . . . . . 

193  | 000000000000000000 |  .  | . . . . . . . . . . . . . . . . . . . . . . . . . . . . . . . . . . . . . . . . . . . . . . . . . . . . . . . . . . . . . . . . . . . . . . . . . . . . . . . . . . . . . . . . . . . . . . . . . . . . . . . . 

194  | 000000000000000000 |  .  | . . . . . . . . . . . . . . . . . . . . . . . . . . . . . . . . . . . . . . . . . . . . . . . . . . . . . . . . . . . . . . . . . . . . . . . . . . . . . . . . . . . . . . . . . . . . . . . . . . . . . . . . 

195  | 000000000000000000 |  .  | . . . . . . . . . . . . . . . . . . . . . . . . . . . . . . . . . . . . . . . . . . . . . . . . . . . . . . . . . . . . . . . . . . . . . . . . . . . . . . . . . . . . . . . . . . . . . . . . . . . . . . . . 

196  | 000000000000000000 |  .  | . . . . . . . . . . . . . . . . . . . . . . . . . . . . . . . . . . . . . . . . . . . . . . . . . . . . . . . . . . . . . . . . . . . . . . . . . . . . . . . . . . . . . . . . . . . . . . . . . . . . . . . . 

197  | 000000000000000000 |  .  | . . . . . . . . . . . . . . . . . . . . . . . . . . . . . . . . . . . . . . . . . . . . . . . . . . . . . . . . . . . . . . . . . . . . . . . . . . . . . . . . . . . . . . . . . . . . . . . . . . . . . . . . 

198  | 000000000000000000 |  .  | . . . . . . . . . . . . . . . . . . . . . . . . . . . . . . . . . . . . . . . . . . . . . . . . . . . . . . . . . . . . . . . . . . . . . . . . . . . . . . . . . . . . . . . . . . . . . . . . . . . . . . . . 

199  | 000000000000000000 |  .  | . . . . . . . . . . . . . . . . . . . . . . . . . . . . . . . . . . . . . . . . . . . . . . . . . . . . . . . . . . . . . . . . . . . . . . . . . . . . . . . . . . . . . . . . . . . . . . . . . . . . . . . . 

LFB ports list:
sdA_fltr.ENA0 : 29
sdA_fltr.Din0 : 74
sdA_fltr.Dinvalid :
sdA_fltr.Dout : 57 2 2
sdA_fltr.Dout_Auto :
sdA_fltr.Dout_Correct :
acc1.P1 : 5
acc1.P2 : 6
acc1.value : 11 53 28
acc6.P1 : 57
acc6.M1 : 58
acc6.value : 63
acc7.P1 : 50
acc7.M1 : 55
acc7.value : 60
accDAC_U_scanX.P1 : 116
accDAC_U_scanX.P2 : 118
accDAC_U_scanX.P3 : 119
accDAC_U_scanX.value : 127 124
accDAC_U_scanY.P1 : 128
accDAC_U_scanY.P2 : 132
accDAC_U_scanY.P3 : 133
accDAC_U_scanY.value : 138 139
accDAC_U_scanZ.P1 : 146
accDAC_U_scanZ.P2 : 148
accDAC_U_scanZ.P3 : 149
accDAC_U_scanZ.value : 158 155
accOVER_U_scanX.P1 : 124
accOVER_U_scanX.M1 : 125
accOVER_U_scanX.value : 130
accOVER_U_scanY.P1 : 139
accOVER_U_scanY.M1 : 140
accOVER_U_scanY.value : 145
accOVER_U_scanZ.P1 : 155
accOVER_U_scanZ.M1 : 156
accOVER_U_scanZ.value : 161
acc_pid.P1 : 90
acc_pid.P2 : 91
acc_pid.value : 96
CCTRL.State_in : 7
CCTRL.Phase : 11
CCTRL.State_out :
CCTRL.bWORK : 17
CCTRL.bINIT : 73 47 69
CCTRL.bDONE : 14 29 34 26 22
CHK_U_scanX.in0 : 32
CHK_U_scanX.in1 : 109
CHK_U_scanX.in2 : 130
CHK_U_scanX.out :
CHK_U_scanX.LUT0 : 143
CHK_U_scanX.LUT1 : 136
CHK_U_scanY.in0 : 143
CHK_U_scanY.in1 : 144
CHK_U_scanY.in2 : 145
CHK_U_scanY.out :
CHK_U_scanY.LUT0 : 152
CHK_U_scanY.LUT1 : 154
CHK_U_scanZ.in0 : 152
CHK_U_scanZ.in1 : 157
CHK_U_scanZ.in2 : 161
CHK_U_scanZ.out :
CHK_U_scanZ.LUT0 : 172
CHK_U_scanZ.LUT1 : 168
CORDIC.Y : 3
CORDIC.X : 4
CORDIC.A : 54
CORDIC.Phi : 62
dxchg.DI0 : 33
dxchg.DI1 : 67
dxchg.DI2 : 101
dxchg.DI3 : 102
dxchg.DI4 : 103
dxchg.DI5 : 104
dxchg.DI6 : 105
dxchg.DO0 : 125 137
dxchg.DO1 : 140 159
dxchg.DO2 : 156 169
dxchg.DO3 : 109 109
dxchg.DO4 : 113 144
dxchg.DO5 : 126 157
dxchg.DO6 : 111
feacc1_COS.P1 : 81
feacc1_COS.M1 : 87
feacc1_COS.value : 93
feacc1_SIN.P1 : 75
feacc1_SIN.M1 : 77
feacc1_SIN.value : 83
femul_COS.A : 79
femul_COS.B : 80
femul_COS.PRODMSB : 87
femul_COS.PRODLSB :
femul_SIN.A : 66
femul_SIN.B : 72
femul_SIN.PRODMSB : 77
femul_SIN.PRODLSB :
fesel_COS.select : 73
fesel_COS.in0 : 76
fesel_COS.in1 : 78
fesel_COS.out : 81
fesel_SIN.select : 69
fesel_SIN.in0 : 70
fesel_SIN.in1 : 71
fesel_SIN.out : 75
fesum_COS.Din : 93
fesum_COS.Dout : 76 4
fesum_SIN.Din : 83
fesum_SIN.Dout : 70 3
ktbl.TABLE : 8
ktbl.INDEX : 9
ktbl.RES0 : 56
ktbl.RES1 :
ktbl.RES2 : 15 25
ktbl.RES3 :
ktbl.Dout : 8
limZ.Din0 : 170
limZ.Dinvalid :
limZ.Dout :
limZ.Dout_Auto :
limZ.Dout_Correct : 176 176 176
lrx_0.Value : 103 12 12 12
ltx_0.dac : 114
lrx_1.Value : 16 16
lrx_mx.Value : 94
lrx_my.Value : 95
lrx_mz.Value : 65
lrx_din.Value : 38
ltx_1.dac : 97
ltx_mx.dac : 45
ltx_my.dac : 44
ltx_mz.dac : 43
ltx_speed.dac : 46
m_1divNcur.ENA0 : 14
m_1divNcur.Din0 : 15
m_1divNcur.Dinvalid :
m_1divNcur.Dout : 21
m_1divNcur.Dout_Auto :
m_1divNcur.Dout_Correct :
m_1divNprev.ENA0 : 22
m_1divNprev.Din0 : 25
m_1divNprev.Dinvalid :
m_1divNprev.Dout : 13
m_1divNprev.Dout_Auto :
m_1divNprev.Dout_Correct :
m_A.Din : 2
m_A.Dout :
m_A_rez.Dout : 19
m_BaseK.Dout : 18
m_cctrl_state.Din : 47
m_cctrl_state.Dout : 9 7
m_DAC_U_scanX.Din0 : 127
m_DAC_U_scanX.ENA1 : 136
m_DAC_U_scanX.Din1 : 137
m_DAC_U_scanX.Dinvalid :
m_DAC_U_scanX.Dout : 118 37 37 37
m_DAC_U_scanX.Dout_Auto :
m_DAC_U_scanX.Dout_Correct :
m_DAC_U_scanY.Din0 : 138
m_DAC_U_scanY.ENA1 : 154
m_DAC_U_scanY.Din1 : 159
m_DAC_U_scanY.Dinvalid :
m_DAC_U_scanY.Dout : 132 39 39 39
m_DAC_U_scanY.Dout_Auto :
m_DAC_U_scanY.Dout_Correct :
m_DAC_U_scanZ.Din0 : 158
m_DAC_U_scanZ.ENA1 : 168
m_DAC_U_scanZ.Din1 : 169
m_DAC_U_scanZ.Dinvalid :
m_DAC_U_scanZ.Dout : 162 148 41
m_DAC_U_scanZ.Dout_Auto :
m_DAC_U_scanZ.Dout_Correct :
m_dfi_pin.Dout : 6
m_F_k.Dout : 88
m_P.Din : 36
m_P.Dout :
m_pid_ON.Dout : 24
m_ram_true.Dout : 32
m_ram_zero.Dout : 71 78 64 20 10
m_smZ_ctrl.Dout : 43
m_smZ_status.Din : 65
m_smZ_status.Dout :
m_Nprev.ENA0 : 26
m_Nprev.Din0 : 56
m_Nprev.Dinvalid :
m_Nprev.Dout : 59
m_Nprev.Dout_Auto :
m_Nprev.Dout_Correct :
m_dxchg_ena.Din : 172
m_dxchg_ena.Dout : 102
m_pid_sav_tmp.Din0 : 105
m_pid_sav_tmp.Dinvalid :
m_pid_sav_tmp.Dout :
m_pid_sav_tmp.Dout_Auto :
m_pid_sav_tmp.Dout_Correct : 68
m_pid_Y_sav.Din0 : 96
m_pid_Y_sav.Dinvalid :
m_pid_Y_sav.Dout : 105
m_pid_Y_sav.Dout_Auto :
m_pid_Y_sav.Dout_Correct : 164 101 104
m_X_sav.Din0 : 10
m_X_sav.ENA1 : 17
m_X_sav.Din1 : 23
m_X_sav.Dinvalid :
m_X_sav.Dout : 66 79
m_X_sav.Dout_Auto :
m_X_sav.Dout_Correct :
mul.A : 18
mul.B : 19
mul.PRODMSB : 58
mul.PRODLSB :
mul1.A : 88
mul1.B : 92
mul1.PRODMSB : 97
mul1.PRODLSB :
mul2.A : 13
mul2.B : 16
mul2.PRODMSB : 23
mul2.PRODLSB :
mul7.A : 82
mul7.B : 85
mul7.PRODMSB : 90
mul7.PRODLSB : 91
mul10.A : 21
mul10.B : 54
mul10.PRODMSB : 61
mul10.PRODLSB :
mul11.A : 59
mul11.B : 61
mul11.PRODMSB : 74
mul11.PRODLSB :
multV_U_scanX.A : 109
multV_U_scanX.B : 110
multV_U_scanX.PRODMSB : 119
multV_U_scanX.PRODLSB : 116
multV_U_scanY.A : 113
multV_U_scanY.B : 117
multV_U_scanY.PRODMSB : 133
multV_U_scanY.PRODLSB : 128
multV_U_scanZ.A : 126
multV_U_scanZ.B : 129
multV_U_scanZ.PRODMSB : 149
multV_U_scanZ.PRODLSB : 146
OSC1.CH0 : 16
OSC1.CH1 : 2
OSC1.CH2 : 36
OSC1.CH3 : 176
OSC1.CH4 : 114
OSC1.CH5 : 37
OSC1.CH6 : 39
OSC1.CH7 : 12
OSC1.CH8 : 104
OSC1.CH9 : 67
OSC1.CH10 : 41
p_phase.Din0 : 28
p_phase.Dinvalid :
p_phase.Dout :
p_phase.Dout_Auto : 5
p_phase.Dout_Correct :
pid.SELECT1 : 30
pid.X : 67
pid.Yprev : 68
pid.Y : 85
pid.K : 82
pid.Dout : 30
sdP.ENA0 : 34
sdP.Din0 : 62
sdP.Dinvalid :
sdP.Dout : 33 36 36
sdP.Dout_Auto :
sdP.Dout_Correct :
sel_err.select : 24
sel_err.in0 : 27
sel_err.in1 : 60
sel_err.in2 : 63
sel_err.in3 : 64
sel_err.out : 67 67 67
sZ.P1 : 162
sZ.P2 : 164
sZ.P3 : 165
sZ.value : 170
tbl0.TABLE : 51
tbl0.INDEX : 53
tbl0.RES0 : 92 80
tbl0.RES1 :
tbl0.RES2 :
tbl0.RES3 : 72
tbl0.Dout : 51
XYZ.X : 37
XYZ.Y : 39
XYZ.Z : 176
m1.Din : 8
m1.Dout : 49
m2.Din : 49
m2.Dout :
m_pid_out.Din : 176
m_pid_out.Dout :
m_ustep.Dout : 31
m_ustep_rw.Din : 31
m_ustep_rw.Dout : 117 110
m_DAC_I.Dout : 89
m_ADC_I.Din : 12
m_ADC_I.Dout :
m_I_BASE.Dout : 55
m_user_err.Dout : 27
m_Z_ustep.Dout : 35
m_Z_ustep_rw.Din : 35
m_Z_ustep_rw.Dout : 129
amax.X : 12
amax.M : 20
amax.Y : 50
amax.V :
sel_Uopora.select : 84
sel_Uopora.in0 : 89
sel_Uopora.in1 : 111
sel_Uopora.out : 114 114
m_sel_Uopora.Dout : 84
m_smX_ctrl.Dout : 45
m_smX_status.Din : 94
m_smX_status.Dout :
m_smY_ctrl.Dout : 44
m_smY_status.Din : 95
m_smY_status.Dout :
speed.Dout : 46
dxchg_X.Din : 37
dxchg_X.Dout :
dxchg_Y.Din : 39
dxchg_Y.Dout :
m_dacZ.Dout : 165
din.Din : 38
din.Dout :


DPU's Layout
CTF
	[0]: ktbl.table tbl0.table
BRAM
	[0]: fesum_COS.
	[1]: fesum_SIN.
	[2]: ktbl.setup
	[3]: m_A.
	[4]: m_A_rez.
	[5]: m_BaseK.
	[6]: m_cctrl_state.
	[7]: m_dfi_pin.
	[8]: m_F_k.
	[9]: m_P.
	[10]: m_pid_ON.
	[11]: m_ram_true.
	[12]: m_ram_zero.
	[13]: m_smZ_ctrl.
	[14]: m_smZ_status.
	[15]: m_dxchg_ena.
	[16]: pid.select_int
	[17]: tbl0.setup
	[18]: m1.
	[19]: m2.
	[20]: m_pid_out.
	[21]: m_ustep.
	[22]: m_ustep_rw.
	[23]: m_DAC_I.
	[24]: m_ADC_I.
	[25]: m_I_BASE.
	[26]: m_user_err.
	[27]: m_Z_ustep.
	[28]: m_Z_ustep_rw.
	[29]: m_sel_Uopora.
	[30]: m_smX_ctrl.
	[31]: m_smX_status.
	[32]: m_smY_ctrl.
	[33]: m_smY_status.
	[34]: speed.
	[35]: dxchg_X.
	[36]: dxchg_Y.
	[37]: m_dacZ.
	[38]: din.
CORDIC
	[0]: CORDIC.
FCUP
	[0]: pid.
FRAM
	[0]: sdA_fltr.
	[1]: limZ.
	[2]: m_1divNcur.
	[3]: m_1divNprev.
	[4]: m_DAC_U_scanX.
	[5]: m_DAC_U_scanY.
	[6]: m_DAC_U_scanZ.
	[7]: m_Nprev.
	[8]: m_pid_sav_tmp.
	[9]: m_pid_Y_sav.
	[10]: m_X_sav.
	[11]: p_phase.
	[12]: sdP.
VSCOPE
	[0]: OSC1.
CCTRL
	[0]: CCTRL.
CHECK
	[0]: CHK_U_scanX. CHK_U_scanY. CHK_U_scanZ.
ABSMAX
	[0]: amax.
DXCHG
	[0]: dxchg.
LRX
	[0]: lrx_0.
	[1]: lrx_1.
	[2]: lrx_mx.
	[3]: lrx_my.
	[4]: lrx_mz.
	[5]: lrx_din.
LTX
	[0]: ltx_0.
	[1]: ltx_1.
	[2]: ltx_mx.
	[3]: ltx_my.
	[4]: ltx_mz.
	[5]: ltx_speed.
XYZ
	[0]: XYZ.
MUX
	[0]: sel_err. fesel_SIN. fesel_COS. sel_Uopora.
ACCUM
	[0]: acc1. acc7. acc6. feacc1_SIN. feacc1_COS. acc_pid. accDAC_U_scanX. accOVER_U_scanX. accDAC_U_scanY. accOVER_U_scanY. accDAC_U_scanZ. accOVER_U_scanZ. sZ.
MULT
	[0]: mul2. mul. mul10. mul11. femul_SIN. femul_COS. mul7. mul1. multV_U_scanX. multV_U_scanY. multV_U_scanZ.
