                                                                    a                                                                                                                   a                                                 a      
                                              a a a                 c                                                                                                                   c                                                 c      
                                              c c c                 c                                                   m m m m                     m       m m m                 p     c                                                 c      
                                              c c c                 O                                                   _ _ _ _               m     _       u u u                 i     O                           m     m   m   m       O      
                                              D D D     C C C       V                                           m       c D D D               _   m p m     l l l                 d     V                           _     _   _   _       V      
                                              A A A f   H H H     f E                                         m _       c A A A         m m m s   _ i _     t t t                 .     E               m       m   Z   s s m s m s       E   m  
                                              C C C e   K K K     e R     f f f f k k                       l _ 1       t C C C m       _ _ _ m   d d p     V V V   f f           s     R t t       m   _       _ m _   e e _ m _ m       R   _  
                                  s       a   _ _ _ a   _ _ _     a _     e e e e t t                       t 1 d       r _ _ _ _     m r r s Z   x _ i     _ _ _   e e           e     _ b b       _   u     m u _ u   l l s X s Y       _   c  
                                  d       c   U U U c   U U U     c U     s s s s b b                       x d i   m m l U U U d     _ a a m _ m c s d m   U U U   m m       p   l   s U l l       p m s m m _ s Z s   _ _ m _ m _   d d U   n  
                                  A       c   _ _ _ c   _ _ _ C   c _     e e u u l l         l l l   l l l _ i v   _ _ _ _ _ _ f     p m m Z s _ h a _ _   _ _ _   u u       _   e   e _ 0 0       i _ t _ _ I e _ t   U U X s Y s   x x _   t m
                                  _       _   s s s 1 C s s s O d 1 s     l l m m . .   l l l r r r l t t t s v N   A B s s s s i m   i _ _ _ t N g v Y X   s s s m l l m     p   c   l s . .       d u e D A _ r u e   o o _ t _ t s c c s   r _
                                  f a a   c a c c c _ C c c c R x _ c m m _ _ _ _ t s l r t r x x x t x x x p N p   _ a t c c c _ _   d t z c a p _ _ _ _   c c c u _ _ u m O h   t   _ c t s       _ s p A D B _ s p a p p c a c a p h h c c _ d
                                  l c c   n c a a a C T a a a D c S a u u C S C S a e i x x x _ _ _ x _ _ _ e c r m r s a a a a p F m _ r e t t r e t s s m a a a l S C l u S a p _ s e a a e X     o t _ C C A e t _ m o o t t t t e g g a n o a
                                  t c c s t c n n n O R n n n I h I n l l O I O I b t m _ _ _ m m m _ m m m e u e _ e e t n n n i _ _ O u r r u e n m a a u n n n 1 I O 1 l C s i i d r n b t Y m m u e r _ _ S r e r a r r r u r u e _ _ n t n c
                                  r 1 7 Z r 6 Z X Y S L X Y Z C g N Y 2 1 S N S N l u Z 0 0 1 x y z 1 x y z d r v A z K e X Y Z n k P N e o l s v a p v v l X Y Z 1 N S 0 7 1 e d n P r Z l u Z 1 2 t p w I I E r p w x a a l s l s d X Y X r e Z
Tick | CfgValue           | Bus | . . . . . . . . . . . . . . . . . . . . . . . . e p . . . . . . . . . . . . . . . . . . . . . . . . . . . . . . . . . . . . . . . . . . . . . . t . . . e p . . . . . . . . . . . . . . . . . . . . . . . . . .
-----+--------------------+-----+----------------------------------------------------------------------------------------------------------------------------------------------------------------------------------------------------------------
000  | 000001004004200000 |  .  | . . . . . . . . . . . . . . . . . . . . . . . . . . . . . . . . . . . . . . . . . . . . . . . . . . . . . . . . . . . . . . . . . . . . . . . . . . . . . . . . . . . . . . . . . . . . . . . . . . . . . . . . 

001  | 000000000004000000 |  .  | . . . . . . . . . . . . . . . . . . . . . . . . . . . . . . . . . . . . . . . . . . . . . . . . . . . . . . . . . . . . . . . . . . . . . . . . . . . . . . . . . . . . . . . . . . . . . . . . . . . . . . . . 

002  | 00000000C000001400 |  #  | w . . . . . . . . . . . . . . . . . . . . . . . . . . . . . . . . . . . . . . . r . . . . . . . . . . . . . . . . . . . . . . . . . . . . r . . . . . . . . . . . . . . . . . . . . . . . . . . . . . . . . . . 

003  | 00000201D604200004 |  #  | . . . . . . . . . . . . . . r . . . . . . . . w . . . . . . . . . . . . . . . . . . . . . . . . . . . . . . . . . . . . . . . . . . . . . . . . . . . . . . . . . . . . . . . . . . . . . . . . . . . . . . . . 

004  | 000000018004000004 |  #  | . . . . . . . . . . . . . . r . . . . . . . w . . . . . . . . . . . . . . . . . . . . . . . . . . . . . . . . . . . . . . . . . . . . . . . . . . . . . . . . . . . . . . . . . . . . . . . . . . . . . . . . . 

005  | 000000008104000001 |  #  | . r . . . . . . . . . . . . . . . . . . . . . . . . . . . . . . . . . . . . . . . . . . . . . . . . . . . . . . . . . . . . . . . . . . . . w . . . . . . . . . . . . . . . . . . . . . . . . . . . . . . . . . 

006  | 000000018004000001 |  #  | . r . . . . . . . . . . . . . . . . . . . . . . . . . . . . . . . . . . . . . . . . . . . . . w . . . . . . . . . . . . . . . . . . . . . . . . . . . . . . . . . . . . . . . . . . . . . . . . . . . . . . . . 

007  | 000000030004000008 |  #  | . . . . . . . . . . r . . . . . . . . . . . . . . . . . . . . . . . . . . . . . . . . w . . . . . . . . . . . . . . . . . . . . . . . . . . . . . . . . . . . . . . . . . . . . . . . . . . . . . . . . . . . . 

008  | 000000048000000402 |  #  | . . . . . . . . . . . . . . . . . . . . . . . . r w . . . . . . . . . . . . . . . . . . . . . . . . . . . . . . . . . . . . . . . . . . . . . . . . . . . . . r . . . . . . . . . . . . . . . . . . . . . . . . 

009  | 000000000000800002 |  #  | . . . . . . . . . . . . . . . . . . . . . . . . r . . . . . . . . . . . . . . . . . . w . . . . . . . . . . . . . . . . . . . . . . . . . . . . . . . . . . . . . . . . . . . . . . . . . . . . . . . . . . . . 

010  | 000000001400010020 |  #  | . . . . . . . . . . . . . . . . . . . . . . . . . . . . . . . . . . . . . . . . . . . . . . . . . . . . w . . . . . . r . . . . . . . . . . . . . . . . . . . . . . . . . . . . . . . . . . . . . . . . . . . . 

011  | 000081000600220008 |  #  | . w . . . . . . . . r . . . . . . . . . . . . . . . . . . . . . . . . . . . . . . . . . . . . . . . . . . . . . . . . . . . . . . . . . . . . . . . . . . . . . . . . . . . . . . . . . . . . . . . . . . . . . 

012  | 000000060000005400 |  #  | . . . . . . . . . . . . . . . . . . . . . . . . . . . w . . . . . . . . . . . . . . . . . . . . . . . . . . . . . . . . . . . . . . . . . r . . . . . . . . . . . . . . . r . . . . r . . . . . . . . . . . . . 

013  | 00000E000000880200 |  #  | . . . . . . . . . . . . . . . . . . r . . . . . . . . . . . . . . . . . . . . w . . . . . . . . . . . . . . . . . . . . . . . . . . . . . . . . . . . . . . . . . . . . . . . . . . . . . . . . . . . . . . . . 

014  | 000000000500000020 |  #  | . . . . . . . . . . w . . . . . . . . . . . . . . . . . . . . . . . . . . . r . . . . . . . . . . . . . . . . . . . . . . . . . . . . . . . . . . . . . . . . . . . . . . . . . . . . . . . . . . . . . . . . . 

015  | 000000014404000020 |  #  | . . . . . . . . . . . . . . . . . . . . . . . . w . . . . . . . . . . . . . r . . . . . . . . . . . . . . . . . . . . . . . . . . . . . . . . . . . . . . . . . . . . . . . . . . . . . . . . . . . . . . . . . 

016  | 000002010004081200 |  #  | . . . . . . . . . . . . . . . . . . r . . . . . . . . . . w . . . . . . . . . . . . . . . . . . . . . . . . . . . . . . . . . . . . . . . r . . . . . . . . . . . . . . . . . . . . . . . . . . . . . . . . . . 

017  | 000000031504000020 |  #  | . . . . . . . . . . w . . . . . . . . . . . . . . . . . . . . . . . . . . . . . . . . . . . . . . . . . . . . . . . . r . . . . . . . . . . . . . . . . . . . . . . . . . . . . . . . . . . . . . . . . . . . . 

018  | 000000000000000200 |  #  | . . . . . . . . . . . . . . . . . . . . . . . . . . . . . . . . . . . . . . . . . . w . . . . . . . . . . . . . . . . . r . . . . . . . . . . . . . . . . . . . . . . . . . . . . . . . . . . . . . . . . . . . 

019  | 000001000400200200 |  #  | . . . . . . . . . . . . . . . . . . . . . . . . . . . . . . . . . . . . . . . . . w . . . . . . . . . . . . . . . . . . r . . . . . . . . . . . . . . . . . . . . . . . . . . . . . . . . . . . . . . . . . . . 

020  | 000200000000004000 |  #  | . . . . . . . . . . . . . . . . . . . . . . . . . . . . . . . . . . . . . . . . . . . . . . . . . . . . w . . . . . . . . . . . . . . . . . . . . . . . . . . . . . . . . . . . . . r . . . . . . . . . . . . . 

021  | 0000860280040A0200 |  #  | . . . . . . . . . . . . . . . . . . . . . . . . . . . . . . . . . . . . . . w . . . . . . . . . . . . . . . . . . . . . . . . . . . . r . . . . . . . . . . . . . . . . . . . . . . . . . . . . . . . . . . . . 

022  | 000000000702000020 |  #  | . . . . . . . . . . w . . . . . . . . . . . . . . . . . . . . . . . . . . . . r . . . . . . . . . . . . . . . . . . . . . . . . . . . . . . . . . . . . . . . . . . . . . . . . . . . . . . . . . . . . . . . . 

023  | 000000069404000020 |  #  | . . . . . . . . . . . . . . . . . . w . . . . . . . . . . . . . . . . . . . . . . . . . . . . . . . . . . . . . . . . r . . . . . . . . . . . . . . . . . . . . . . . . . . . . . . . . . . . . . . . . . . . . 

024  | 001000800000000100 |  #  | . . . . . . . . . . . . . . . . . . . . . . . . . . . . . . . . . . . . . . . . . . . . . . . . . . w . . . . . . . . . . . . . . . . . . . . . . . r . . . . . . . . . . . . . . . . . . . . . . . . . . . . . 

025  | 000000000600000020 |  #  | . . . . . . . . . . . . . . . . . . . . . . . . w . . . . . . . . . . . . . . r . . . . . . . . . . . . . . . . . . . . . . . . . . . . . . . . . . . . . . . . . . . . . . . . . . . . . . . . . . . . . . . . 

026  | 000006000000080100 |  #  | . . . . . . . . . . . . . . . . . . . . . . . . . . . . . . . . . . . . . . . . . . . . . . . . . . . . . . . . . . . . . . . . . . . . . . . . . . r . . . . . . . . . . . . w . . . . . . . . . . . . . . . . 

027  | 000000040F04010020 |  #  | . . . . . . . . . . w . . . . . . . . . . . . . . . . . . . . . . . . . . . . . . . . . . . . . . . . . . . . r . . . . . . . . . . . . . . . . . . . . . . . . . . . . . . . . . . . . . . . . . . . . . . . . 

028  | 000006055604080020 |  #  | . w . . . . . . . . . . . . . . . . . . . . . . . . . . . . . . . . . . . . . . . . . . . . . . . . . . . . . . . . . . . . . . . . . . . . r . . . . . . . . . . . . . . . . . . . . . . . . . . . . . . . . . 

029  | 00000002C104000020 |  #  | r . . . . . . . . . w . . . . . . . . . . . . . . . . . . . . . . . . . . . . . . . . . . . . . . . . . . . . . . . . . . . . . . . . . . . . . . . . . . . . . . . . . . . . . . . . . . . . . . . . . . . . . 

030  | 000000000100000010 |  #  | . . . . . . . . . . . . . . . . . . . . . . . . . . . . . . . . . . . . . . . . . . . . . . . . . . . . . . . . . . . . . . . . . . . . . . . r w . . . . . . . . . . . . . . . . . . . . . . . . . . . . . . . 

031  | 000001059800200400 |  #  | . . . . . . . . . . . . . . . . . . . . . . . . . . . . . . . . . . . . . . . . . . . . . . . . . . . . . . . . . . . . . . . . . . . . . . . . . . . . . . . . . . w r . . . . . . . . . . . . . . . . . . . . 

032  | 050001001800200040 |  #  | . . . . . . . . . . . r . . . . . . . . . . . . . . . . . . . . . . . . . . . . . . . . . . . . . . . w . . . . . . . . . . . . . . . . . . . . . . . . . . . . . . . . . . . . . . . . . . . . . . . . . . . . 

033  | 00000106C804200800 |  #  | . . . . . . . . . . . . . . . r . . . . . . . . . . . . . . . . . . . . . . . . . . . . . . . . . . . . . . . . . . . . . . . . . . . . . . . . . w . . . . . . . . . . . . . . . . . . . . . . . . . . . . . . 

034  | 000000000000001000 |  #  | . . . . . . . . . . . . . . . . . . . . . . . . . . . . . . . . . . . . . . . . . . . . . . . . . . . . . . . . . . . . . . . . . . . . . r . . . w . . . . . . . . . . . . . . . . . . . . . . . . . . . . . . 

035  | 00001108CA00A03400 |  #  | . . . . . . . . . . . . . . . . . . . . . . . . . . . . . . . . . . . . . . . . . . . . w . . . . . . . . . . . . . . . . . . . . . . . . r . . . . . . . . r . . . . . . . . . . . . . . . . . . . r . . . . . 

036  | 000000070000000400 |  #  | . . . . . . . . . . . . . . . . . . . . . . . . . . . . . . . . . . . . . . . . . . . . . . . . . . . . . . . . . . . . . . . . . . . . . . . . . . . . . . . . . . . . . . . . w r . . . . . . . . . . . . . . 

037  | 000001090C00203400 |  #  | . . . . . . . . . . . . . . . . . . . . . . . . . . . . . . . . . . . . . . . . . . . . . w . . . . . . . . . . . . . . . . . . . . . . . r . . . . . . . . r . . . . . . . . . . . . . . . . . . . . r . . . . 

038  | 00000007C000000400 |  #  | . . . . . . . . . . . . . . . . . . . . . . . . . . . . . . w . . . . . . . . . . . . . . . . . . . . . . . . . . . . . . . . . . . . . . . . . . . . . . . . . . . . . . . . . . . . . . . r . . . . . . . . . 

039  | 000006034004081000 |  #  | . . . . . . . . . . . . . . . . . . . . . . . . . . . . . . . . . . . . . . . . . . . . . . w . . . . . . . . . . . . . . . . . . . . . . r . . . . . . . . . . . . . . . . . . . . . . . . . . . . . . . . . . 

040  | 000000001900000020 |  #  | . . . . . . . . . . w . . . . . . . . . . . . . . . . . . . . . . . . . . . . . . . . . . . . . . . . . . . . . . . . . . . . . . . . . . . . . . r . . . . . . . . . . . . . . . . . . . . . . . . . . . . . . 

041  | 000001079804200000 |  .  | . . . . . . . . . . . . . . . . . . . . . . . . . . . . . . . . . . . . . . . . . . . . . . . . . . . . . . . . . . . . . . . . . . . . . . . . . . . . . . . . . . . . . . . . . . . . . . . . . . . . . . . . 

042  | 000001080004000080 |  #  | . . . . . . . . . . . . . . . . . . . . . . . . . . . . . . . . . . . . r . . . . . . . . . . . . . . . . w . . . . . . . . . . . . . . . . . . . . . . . . . . . . . . . . . . . . . . . . . . . . . . . . . . 

043  | 000000024000000400 |  #  | . . . . . . . . . . . . . . . . . . . . . . . . . . . . . . . . . . . . . . . . . . . . . . . . . r . . . . . . . . . . . . . . . . . . . . . . . w . . . . . . . . . . . . . . . . . . . . . . . . . . . . . . 

044  | 00000008A004000080 |  #  | . . . . . . . . . . . . . . . . . . . . . . . . . . . . . . . . . . r . . . . . . . . . . . . . . . . . . . . . . . . . . . . . . . . . . . . . . . . . . . . . . . . . . . . . . . . . . w . . . . . . . . . . 

045  | 000000002100000080 |  #  | . . . . . . . . . . . . . . . . . . . . . . . . . . . . . . . . . . . r . . . . . . . . . . . . . . . . . . . . . . . . . . . . . . . . . . . . . . . . . . . . . . . . . . . . . . . . . . . w . . . . . . . . 

046  | 000000048004000000 |  .  | . . . . . . . . . . . . . . . . . . . . . . . . . . . . . . . . . . . . . . . . . . . . . . . . . . . . . . . . . . . . . . . . . . . . . . . . . . . . . . . . . . . . . . . . . . . . . . . . . . . . . . . . 

047  | 000001000100000080 |  #  | . . . . . . . . . . . . . . . . . . . . . . . . . . . . . . . . . . . . . r . . . . . . . . . . . . . . . . . . . . . . . . . . . . . . . . . . . . . . . . . . . . . . . . . . . . . . . . . . . w . . . . . . 

048  | 000000044004000000 |  .  | . . . . . . . . . . . . . . . . . . . . . . . . . . . . . . . . . . . . . . . . . . . . . . . . . . . . . . . . . . . . . . . . . . . . . . . . . . . . . . . . . . . . . . . . . . . . . . . . . . . . . . . . 

049  | 00000004C040000400 |  #  | . . . . . . . . . . . . . . . . . . . . . . . . . . . . . . . . . . . . . . . . . . . . . . . . . . . . . . . . . . . . . . . . . . . . . . . . . . . . . . . w r . . . . . . . . . . . . . . . . . . . . . . . 

050  | 000000000100000001 |  #  | . . r . . . . . . . . . . . . . . . . . . . . . . . . . . . . . . . . . . . . . . . . . . . . . . . . . . . . . . . . . . . . . . . . . . . . . . . . . . . . . . . . . . . . . . . w . . . . . . . . . . . . . 

051  | 000000000000000002 |  #  | . . . . . . . . . . . . . . . . . . . . . . . . . . . . . . . . . . . . . . . . . . . . . . . . . . . . . . . . . . . . . . . . . . . . . . . . . . . . r w . . . . . . . . . . . . . . . . . . . . . . . . . . 

052  | 000000064004030000 |  .  | . . . . . . . . . . . . . . . . . . . . . . . . . . . . . . . . . . . . . . . . . . . . . . . . . . . . . . . . . . . . . . . . . . . . . . . . . . . . . . . . . . . . . . . . . . . . . . . . . . . . . . . . 

053  | 000000000000040002 |  #  | . w . . . . . . . . . . . . . . . . . . . . . . . . . . . . . . . . . . . . . . . . . . . . . . . . . . . . . . . . . . . . . . . . . . . . . . . . . . r . . . . . . . . . . . . . . . . . . . . . . . . . . . 

054  | 000000000000000200 |  #  | . . . . . . . . . . . . . . w . . . . . . . . . . . . . . . . . . . . . . . . . . . . . . . . . . . . . . . . . . . . . . . . . . . . r . . . . . . . . . . . . . . . . . . . . . . . . . . . . . . . . . . . . 

055  | 000101000000200001 |  #  | . . r . . . . . . . . . . . . . . . . . . . . . . . . . . . . . . . . . . . . . . . . . . . . . . . . . . . . . . . . . . . . . . . . . . . . . . . . . . . . . . . . . . . w . . . . . . . . . . . . . . . . . 

056  | 000000000E00000020 |  #  | . . . . . . . . . . . . . . . . . . . . . . . . w . . . . . . . . . . . . . . . . . . . . . . . . . . . . . . r . . . . . . . . . . . . . . . . . . . . . . . . . . . . . . . . . . . . . . . . . . . . . . . . 

057  | 000001000F02200001 |  #  | w . . . . r . . . . . . . . . . . . . . . . . . . . . . . . . . . . . . . . . . . . . . . . . . . . . . . . . . . . . . . . . . . . . . . . . . . . . . . . . . . . . . . . . . . . . . . . . . . . . . . . . . 

058  | 000100000000000001 |  #  | . . . . . r . . . . . . . . . . . . . . . . . . . . . . . . . . . . . . . . . . . . . . . . . . . . . . . . . . . . . . w . . . . . . . . . . . . . . . . . . . . . . . . . . . . . . . . . . . . . . . . . . . 

059  | 004000000000010200 |  #  | . . . . . . . . . . . . . . . . . . . . . . . . . . . . . . . . . . . . . . . . . . . . . . . . . . . . . . . w . . . . . . . . r . . . . . . . . . . . . . . . . . . . . . . . . . . . . . . . . . . . . . . . 

060  | 000000000002000100 |  #  | . . w . . . . . . . . . . . . . . . . . . . . . . . . . . . . . . . . . . . . . . . . . . . . . . . . . . . . . . . . . . . . . . . . . . . . . . . r . . . . . . . . . . . . . . . . . . . . . . . . . . . . . 

061  | 000001030004040200 |  #  | . . . . . . . . . . . . . . . . . . . . . . . . . . . . . . . . . . . . . . . . . . . . . . . . . . . . . . . . . . . . . . . . r . . w . . . . . . . . . . . . . . . . . . . . . . . . . . . . . . . . . . . . 

062  | 000018001800810020 |  #  | . . . . . . . . . . . . . . w . . . . . . . . . . . . . . . . . . . . . . . . . . . . . . . . . . . . . . . . . . . . . . . . . . . . . . . . . . r . . . . . . . . . . . . . . . . . . . . . . . . . . . . . . 

063  | 000000000000000100 |  #  | . . . . . w . . . . . . . . . . . . . . . . . . . . . . . . . . . . . . . . . . . . . . . . . . . . . . . . . . . . . . . . . . . . . . . . . . . . r . . . . . . . . . . . . . . . . . . . . . . . . . . . . . 

064  | 000002001A00200100 |  #  | . . . . . . . . . . . . . . . . . . . . . . . . . . . . . . . . . . . . . . . . . . . . . . . . . . . . w . . . . . . . . . . . . . . . . . . . . . r . . . . . . . . . . . . . . . . . . . . . . . . . . . . . 

065  | 000000084000000400 |  #  | . . . . . . . . . . . . . . . . . . . . . . . . . . . . . . . w . . . . . . . . . . . . . . . . . . . . . . . . . . . . . . . . . . . . . . . . . . . . . . . . . . . . . . . . . . . . . . . . r . . . . . . . 

066  | 000003001101200001 |  #  | . . . . r . . . . . . . . . . . . . . . . . . . . . . . . . . . . . . . . . . . . . . . . . . . . . . . . . . . . . . . . . . . . . . . . . . . . . . . . . . . . . . . . . . . . . . . . . . . . . . . . w . . 

067  | 000000094004001810 |  #  | . . . . . . . . . . . . . . . r . . . . . . . . . . . . . . . . . . . . . . . . . . . . . . . . . . . . . . . . . . . . . . . . . . . . . r . r . . w . . . . . . . . . . . . . . . . . . . . . . . . . . . . . 

068  | 000000000202000010 |  #  | . . . . . . . . . . . . . . . . . . . . . . . . . . . . . . . . . . . . . . . . . . . . . . . . . . . . . . . . . w . . . . . . . . . . . . . r . . . . . . . . . . . . . . . . . . . . . . . . . . . . . . . . 

069  | 000000000000000020 |  #  | r . . . . . . . . . . . . . . . . . . . . . . . . . . . . . . . . . . . . . . . . . . . . . . . . . . . . . . . . . . . . . . . w . . . . . . . . . . . . . . . . . . . . . . . . . . . . . . . . . . . . . . . 

070  | 000004004004080001 |  #  | . . . . r . . . . . . . . . . . . . . . . . . . . . . . . . . . . . . . . . . . . . . . . . . . . . . . . . . . . . . . . . . . . . . . . . . . . . . . . . . . . . . . . . . . . . . . . . . . . . . . . . w . 

071  | 000001830004100100 |  #  | . . . . . . . . . . w . . . . . . . . . . r . . . . . . . . . . . . . . . . . . . . . . . . . . . . . . . . . . . . . . . . . . . . . . . . . . . . . . . . . . . . . . . . . . . . . . . . . . . . . . . . . . 

072  | 004000000000000200 |  #  | . . . . . . . . . . . . . . . . . . . . . . . . . . . . . . . . . . . . . . . . . . . . . . . . . . . . . . . . . . . . . . . . . . . . r . . w . . . . . . . . . . . . . . . . . . . . . . . . . . . . . . . . 

073  | 000000000000000100 |  #  | . . . . . . . . . . . . . . . . . . . . . r . w . . . . . . . . . . . . . . . . . . . . . . . . . . . . . . . . . . . . . . . . . . . . . . . . . . . . . . . . . . . . . . . . . . . . . . . . . . . . . . . . 

074  | 000020000000810100 |  #  | . . . . . . . . . . . . . . . . . . . . . r . . . . . . . . . . . . . . . . . . . . . . . . . . . . . . w . . . . . . . . . . . . . . . . . . . . . . . . . . . . . . . . . . . . . . . . . . . . . . . . . . . 

075  | 000004001A00080020 |  #  | . . . . w . . . . . . . . . . . . . . . . . . . . . . . . . . . . . . . . . . . . . . . . . . . . . . . . . . . . . . . . . . . . . . . . . . . . . . . . . . . . . . . . . . . . . . . . . . . . . . . . r . . 

076  | 000000818000000500 |  #  | . . . . . . . . . . w . . . . . . . . . r . . . . . . . . . . . . . . . . . . . . . . r . . . . . . . . . . . . . . . . . . . . . . . . . . . . . . . . . . . . . . . . . . . . . . . . . . . . . . . . . . . . 

077  | 000000038000000400 |  #  | . . . . . . . . . . . . . . . . . . . . . . . . . . . . . . . . w . . . . . . . . . . . . . . . . . . . . . r . . . . . . . . . . . . . . . . . . . . . . . . . . . . . . . . . . . . . . . . . . . . . . . . . 

078  | 000000000000000000 |  .  | . . . . . . . . . . . . . . . . . . . . . . . . . . . . . . . . . . . . . . . . . . . . . . . . . . . . . . . . . . . . . . . . . . . . . . . . . . . . . . . . . . . . . . . . . . . . . . . . . . . . . . . . 

079  | 000000000000000000 |  .  | . . . . . . . . . . . . . . . . . . . . . . . . . . . . . . . . . . . . . . . . . . . . . . . . . . . . . . . . . . . . . . . . . . . . . . . . . . . . . . . . . . . . . . . . . . . . . . . . . . . . . . . . 

080  | 000000000000000000 |  .  | . . . . . . . . . . . . . . . . . . . . . . . . . . . . . . . . . . . . . . . . . . . . . . . . . . . . . . . . . . . . . . . . . . . . . . . . . . . . . . . . . . . . . . . . . . . . . . . . . . . . . . . . 

081  | 000000000000000000 |  .  | . . . . . . . . . . . . . . . . . . . . . . . . . . . . . . . . . . . . . . . . . . . . . . . . . . . . . . . . . . . . . . . . . . . . . . . . . . . . . . . . . . . . . . . . . . . . . . . . . . . . . . . . 

082  | 000000000000100000 |  .  | . . . . . . . . . . . . . . . . . . . . . . . . . . . . . . . . . . . . . . . . . . . . . . . . . . . . . . . . . . . . . . . . . . . . . . . . . . . . . . . . . . . . . . . . . . . . . . . . . . . . . . . . 

083  | 000000000000000200 |  #  | . . . . . . . . . . . . . . . . . . . . . . . . . . . . . . . . . . . . . . . . . . . . . . . . . . . . . . . . . . . . . . . . . . . . r . . w . . . . . . . . . . . . . . . . . . . . . . . . . . . . . . . . 

084  | 000000000000000000 |  .  | . . . . . . . . . . . . . . . . . . . . . . . . . . . . . . . . . . . . . . . . . . . . . . . . . . . . . . . . . . . . . . . . . . . . . . . . . . . . . . . . . . . . . . . . . . . . . . . . . . . . . . . . 

085  | 000000000000000000 |  .  | . . . . . . . . . . . . . . . . . . . . . . . . . . . . . . . . . . . . . . . . . . . . . . . . . . . . . . . . . . . . . . . . . . . . . . . . . . . . . . . . . . . . . . . . . . . . . . . . . . . . . . . . 

086  | 000000000000000000 |  .  | . . . . . . . . . . . . . . . . . . . . . . . . . . . . . . . . . . . . . . . . . . . . . . . . . . . . . . . . . . . . . . . . . . . . . . . . . . . . . . . . . . . . . . . . . . . . . . . . . . . . . . . . 

087  | 000000000002000000 |  .  | . . . . . . . . . . . . . . . . . . . . . . . . . . . . . . . . . . . . . . . . . . . . . . . . . . . . . . . . . . . . . . . . . . . . . . . . . . . . . . . . . . . . . . . . . . . . . . . . . . . . . . . . 

088  | 000000001200000020 |  #  | . . . . . . . . . . . . . . . . . . . . . . . . . . . . . . . . . . . . . . . . . . . . . . . . . . . . . . . . . . r . . . . . . . . . w . . . . . . . . . . . . . . . . . . . . . . . . . . . . . . . . . . . 

089  | 000000000000000000 |  .  | . . . . . . . . . . . . . . . . . . . . . . . . . . . . . . . . . . . . . . . . . . . . . . . . . . . . . . . . . . . . . . . . . . . . . . . . . . . . . . . . . . . . . . . . . . . . . . . . . . . . . . . . 

090  | 000000000000000000 |  .  | . . . . . . . . . . . . . . . . . . . . . . . . . . . . . . . . . . . . . . . . . . . . . . . . . . . . . . . . . . . . . . . . . . . . . . . . . . . . . . . . . . . . . . . . . . . . . . . . . . . . . . . . 

091  | 00000303D204200000 |  .  | . . . . . . . . . . . . . . . . . . . . . . . . . . . . . . . . . . . . . . . . . . . . . . . . . . . . . . . . . . . . . . . . . . . . . . . . . . . . . . . . . . . . . . . . . . . . . . . . . . . . . . . . 

092  | 000000000000800000 |  .  | . . . . . . . . . . . . . . . . . . . . . . . . . . . . . . . . . . . . . . . . . . . . . . . . . . . . . . . . . . . . . . . . . . . . . . . . . . . . . . . . . . . . . . . . . . . . . . . . . . . . . . . . 

093  | 000000000000000800 |  #  | . . . . . . . . . . . . . . . r . . . . . . . . . . . . . . . . . . . . . . . . . . . . . . . . . . . . . . . . . . w . . . . . . . . . . . . . . . . . . . . . . . . . . . . . . . . . . . . . . . . . . . . . 

094  | 000000000000000800 |  #  | . . . . . . . . . . . . . . . r . . . . . . . . . . . . . . . . . . . . . . . . . . . . . . . . . . . . . . . . w . . . . . . . . . . . . . . . . . . . . . . . . . . . . . . . . . . . . . . . . . . . . . . . 

095  | 000000000000010800 |  #  | . . . . . . . . . . . . . . . r . . . . . . . . . . . w . . . . . . . . . . . . . . . . . . . . . . . . . . . . . . . . . . . . . . . . . . . . . . . . . . . . . . . . . . . . . . . . . . . . . . . . . . . . 

096  | 000001000C00200800 |  #  | . . . . w . . . . . . . . . . r . . . . . . . . . . . . . . . . . . . . . . . . . . . . . . . . . . . . . . . . . . . . . . . . . . . . . . . . . . . . . . . . . . . . . . . . . . . . . . . . . . . . . . . . 

097  | 000000000000000800 |  .  | . . . . . . . . . . . . . . . r . . . . . . . . . . . . . . . . . . . . . . . . . . . . . . . . . . . . . . . . . . . . . . . . . . . . . . . . . . . . . . . . . . . . . . . . . . . . . . . . . . . . . . . . 

098  | 000003001300200001 |  #  | . . . r . . . . . . . . . . . . . . . . . . . . . . . . . . . . . . . . . . . . . . . . . . w . . . . . . . . . . . . . . . . . . . . . . . . . . . . . . . . . . . . . . . . . . . . . . . . . . . . . . . . . 

099  | 000000058004000000 |  .  | . . . . . . . . . . . . . . . . . . . . . . . . . . . . . . . . . . . . . . . . . . . . . . . . . . . . . . . . . . . . . . . . . . . . . . . . . . . . . . . . . . . . . . . . . . . . . . . . . . . . . . . . 

100  | 00003009800C001001 |  #  | . . . r . . . . . . . . . . . . . . . . . . . . . . . . . . . . . . . . . . . . . . . . . . . . . . . . . . . . . . w . . . . . . . . . . r . . . . . . . . . . . . . . . . . . . . . . . . . . . . . . . . . . 

101  | 050000000000000240 |  #  | . . . . . . . . . . . r . . . w . . . . . . . . . . . . . . . . . . . . . . . . . . . . . . . . . . . . . . . . . . . . . r . . . . . . . . . . . . . . . . . . . . . . . . . . . . . . . . . . . . . . . . . . 

102  | 000001021204200200 |  #  | . . . . . . . . . . . . . . . . . . . . . . . . . . . . . . . . . . . . . . . . . . . . . . . . . . . . . . . . . . . . . r . . . . . . . . . . . . . . . . . . . . . w . . . . . . . . . . . . . . . . . . . . 

103  | 000000000000000001 |  #  | . . . r . . . . . . . . . . . . . . . . . . . . . . . . . . . . . . . . . . . . . . . . . . . . . . . . . . . . . . . . . . . . . . . . . . . . . . . . . . . . . . . . . . . . . . . . . . . . . . . . . . . w 

104  | 000000001000000020 |  #  | . . . . . . . . . . . . . . . . . . . . . . . . . . . . . . . . . . . . . . . . . . . . . . . . . . . . . . . . . r w . . . . . . . . . . . . . . . . . . . . . . . . . . . . . . . . . . . . . . . . . . . . . 

105  | 000000000000020200 |  #  | . . . . . . . . . . . . . . . . . . . r . . . . . . . . . . . . . . . . . . . . . . . . . . . . w . . . . . . . . . . . . . . . . . . . . . . . . . . . . . . . . . . . . . . . . . . . . . . . . . . . . . . . 

106  | 000000000000000000 |  .  | . . . . . . . . . . . . . . . . . . . . . . . . . . . . . . . . . . . . . . . . . . . . . . . . . . . . . . . . . . . . . . . . . . . . . . . . . . . . . . . . . . . . . . . . . . . . . . . . . . . . . . . . 

107  | 000010000002000000 |  .  | . . . . . . . . . . . . . . . . . . . . . . . . . . . . . . . . . . . . . . . . . . . . . . . . . . . . . . . . . . . . . . . . . . . . . . . . . . . . . . . . . . . . . . . . . . . . . . . . . . . . . . . . 

108  | 000000000100000001 |  #  | . . . . . . . r . . . . . . . . . . . . . . . . . . . . . . . . . . . . . . . . . . . . . . . . . . . . . . . . . . . . . w . . . . . . . . . . . . . . . . . . . . . . . . . . . . . . . . . . . . . . . . . . 

109  | 000001000800210200 |  #  | . . . . . . . . . . . . . . . . . . . r . . . . . . . . . . . . . . . . . . . . . . . . . . . . . . . . . . . . . . . . . . . . . . . . . . . . . . . . w . . . . . . . . . . . . . . . . . . . . . . . . . . . 

110  | 000000000200000020 |  #  | . . . w . . . . . . . . . . . . . . . . . . . . . . r . . . . . . . . . . . . . . . . . . . . . . . . . . . . . . . . . . . . . . . . . . . . . . . . . . . . . . . . . . . . . . . . . . . . . . . . . . . . . 

111  | 000000058006000001 |  #  | . . . . . . . r . . . . . . . . . . . . . . . . . . . . . . . . . . . . . . . . . . . . w . . . . . . . . . . . . . . . . . . . . . . . . . . . . . . . . . . . . . . . . . . . . . . . . . . . . . . . . . . . 

112  | 000040000008000001 |  #  | . . . . . . . r . . . . . . . . . . . . . . . . . . . . . . . . . . . . . . . . . . . . . . . . . . . . . . . . . . . . . w . . . . . . . . . . . . . . . . . . . . . . . . . . . . . . . . . . . . . . . . . . 

113  | 000000000000000200 |  #  | . . . . . . . . . . . . . . . w . . . . . . . . . . . . . . . . . . . . . . . . . . . . . . . . . . . . . . . . . . . . . . r . . . . . . . . . . . . . . . . . . . . . . . . . . . . . . . . . . . . . . . . . 

114  | 000000000000000200 |  #  | . . . . . . . . . . . . . . . . . . . . . . . . . . . . . . . . . . . . . . . . . . . . . . . . . . . . . . . . . . . . . . r . . . . . . . . . . . . . . . . . . . . w . . . . . . . . . . . . . . . . . . . . 

115  | 000000000002000000 |  .  | . . . . . . . . . . . . . . . . . . . . . . . . . . . . . . . . . . . . . . . . . . . . . . . . . . . . . . . . . . . . . . . . . . . . . . . . . . . . . . . . . . . . . . . . . . . . . . . . . . . . . . . . 

116  | 000000000100010080 |  #  | . . . . . . . . . . . . . . . . . . . w . . . . . . . . . . . . . r . . . . . . . . . . . . . . . . . . . . . . . . . . . . . . . . . . . . . . . . . . . . . . . . . . . . . . . . . . . . . . . . . . . . . . 

117  | 000000000108000001 |  #  | . . . . . . . w . . . . . . . . . . . . . . . . . . . . . . . . . . . . . . . . . . . . . . . . . . . . . . . . . . . . . . . . . . . . . . . . . . . . . . . . . . . . . . . . . . . . . . . . . . . . r . . . 

118  | 000100000000000001 |  #  | . . . . . . . . . . . . . . . w . . . . . . . . . . . . . . . . . . . . . . . . . . . . . . . . . . . . . . . . . . . . . . . . . . . . . . . . . . . . . . . . . . . . . . . . . . . . . . . . . . . . r . . . 

119  | 000000000000010000 |  .  | . . . . . . . . . . . . . . . . . . . . . . . . . . . . . . . . . . . . . . . . . . . . . . . . . . . . . . . . . . . . . . . . . . . . . . . . . . . . . . . . . . . . . . . . . . . . . . . . . . . . . . . . 

120  | 000010000802000020 |  #  | . . . . . . . w . . . . . . . . . . . . . . . . . . . . . . . . . . . . . . . . . . . . r . . . . . . . . . . . . . . . . . . . . . . . . . . . . . . . . . . . . . . . . . . . . . . . . . . . . . . . . . . . 

121  | 000000000100000001 |  #  | . . . . . . . . r . . . . . . . . . . . . . . . . . . . . . . . . . . . . . . . . . . . . . . . . . . . . . . . . . . . . . w . . . . . . . . . . . . . . . . . . . . . . . . . . . . . . . . . . . . . . . . . 

122  | 000001001400210000 |  .  | . . . . . . . . . . . . . . . . . . . . . . . . . . . . . . . . . . . . . . . . . . . . . . . . . . . . . . . . . . . . . . . . . . . . . . . . . . . . . . . . . . . . . . . . . . . . . . . . . . . . . . . . 

123  | 0500C1000A00220040 |  #  | . . . . . . . . . . . r . . . . . . . . . . . . . . . . . . . . . . . . . . . . . . . . . . . . . . . . . . . . . . . . . . . . . . . . . . . . . . . . . . . . . . . . . . . . . . . . . . . . . . . . w . . . 

124  | 000000000000000200 |  #  | . . . . . . . . . . . . . . . . . . . . . . . . . . . . . . . . . . . . . . . . . . . . . . . . . . . . . . . . . . . w . . . . . r . . . . . . . . . . . . . . . . . . . . . . . . . . . . . . . . . . . . . . 

125  | 000000000002000001 |  #  | . . . . . . . . r . . . . . . . . . . . . . . . . . . . . . . . . . . . . . . . . . . . . w . . . . . . . . . . . . . . . . . . . . . . . . . . . . . . . . . . . . . . . . . . . . . . . . . . . . . . . . . . 

126  | 000003000200200001 |  #  | . . . . . . . . r . . . . . . . . . . . . . . . . . . . . . . . . . . . . . . . . . . . . . . . . . . . . . . . . . . . . . w . . . . . . . . . . . . . . . . . . . . . . . . . . . . . . . . . . . . . . . . . 

127  | 000000000000000200 |  #  | . . . . . . . . . . . . . . . . . . . . . . . . . . . . . . . . . . . . . . . . . . . . . . . . . . . . . . . . . . . . . . . . . r . . . . . . . . . . w . . . . . . . . . . . . . . . . . . . . . . . . . . . 

128  | 0000C3050100403400 |  #  | . . . . . . . . . . . . . . . . . . . . . . . . . . w . . . . . . . . . . . . . . . . . . . . . . . . . . . . . . . . . . . . . . . . . . r . . . . . . . . r . . r . . . . . . . . . . . . . . . . . . . . . . 

129  | 000000000908000020 |  #  | . . . . . . . . . . . w . . . . . . . . . . . . . . . . . . . . . . . . . . . . . . . . r . . . . . . . . . . . . . . . . . . . . . . . . . . . . . . . . . . . . . . . . . . . . . . . . . . . . . . . . . . . 

130  | 000000000800010020 |  #  | . . . . . . . . . . . . . . . w . . . . . . . . . . . . . . . . . . . . . . . . . . . . r . . . . . . . . . . . . . . . . . . . . . . . . . . . . . . . . . . . . . . . . . . . . . . . . . . . . . . . . . . . 

131  | 000000000A00010020 |  #  | . . . . . . . . w . . . . . . . . . . . . . . . . . . . . . . . . . . . . . . . . . . . . r . . . . . . . . . . . . . . . . . . . . . . . . . . . . . . . . . . . . . . . . . . . . . . . . . . . . . . . . . . 

132  | 000010000108000001 |  #  | . . . . . . . . w . . . . . . . . r . . . . . . . . . . . . . . . . . . . . . . . . . . . . . . . . . . . . . . . . . . . . . . . . . . . . . . . . . . . . . . . . . . . . . . . . . . . . . . . . . . . . . . 

133  | 000101001400200001 |  #  | . . . . . . . . . . . . . . . w . r . . . . . . . . . . . . . . . . . . . . . . . . . . . . . . . . . . . . . . . . . . . . . . . . . . . . . . . . . . . . . . . . . . . . . . . . . . . . . . . . . . . . . . 

134  | 000000000000000000 |  .  | . . . . . . . . . . . . . . . . . . . . . . . . . . . . . . . . . . . . . . . . . . . . . . . . . . . . . . . . . . . . . . . . . . . . . . . . . . . . . . . . . . . . . . . . . . . . . . . . . . . . . . . . 

135  | 000082000100400200 |  #  | . . . . . . . . . . . . . . . . . . . . . . . . . . . . . . . . . . . . . . . . . . . . . . . . . . . . . . . . . . . w . . . . . . r . . . . . . . . . . . . . . . . . . . . . . . . . . . . . . . . . . . . . 

136  | 050040000008000040 |  #  | . . . . . . . . . . . w r . . . . . . . . . . . . . . . . . . . . . . . . . . . . . . . . . . . . . . . . . . . . . . . . . . . . . . . . . . . . . . . . . . . . . . . . . . . . . . . . . . . . . . . . . . . 

137  | 050000000000030040 |  #  | . . . . . . . . . . . . r . . w . . . . . . . . . . . . . . . . . . . . . . . . . . . . . . . . . . . . . . . . . . . . . . . . . . . . . . . . . . . . . . . . . . . . . . . . . . . . . . . . . . . . . . . . 

138  | 050000000001000040 |  #  | . . . . . . . . . . . . r . . . . w . . . . . . . . . . . . . . . . . . . . . . . . . . . . . . . . . . . . . . . . . . . . . . . . . . . . . . . . . . . . . . . . . . . . . . . . . . . . . . . . . . . . . . 

139  | 000000000106000001 |  #  | . . . . . . . . . . . . . . . . r . . . . w . . . . . . . . . . . . . . . . . . . . . . . . . . . . . . . . . . . . . . . . . . . . . . . . . . . . . . . . . . . . . . . . . . . . . . . . . . . . . . . . . . 

140  | 000100030004000001 |  #  | . . . . . . . . . . . . . . . . r . . . . . . . . . . . . . . . . . . . . . . . . . . . . . . . . . . . . . . . . . . . . . . . . w . . . . . . . . . . . . . . . . . . . . . . . . . . . . . . . . . . . . . . 

141  | 000000000000000200 |  #  | . . . . . . . . . . . . . . . . . . . . . . . . . . . . . . . . . . . . . . . . . . . . . . . . . . . . . . . . . . . . . . . . . . r . . . . . . . . . w . . . . . . . . . . . . . . . . . . . . . . . . . . . 

142  | 000000070004000100 |  #  | . . . . . . . . . . . . . . . . . . . . r . w . . . . . . . . . . . . . . . . . . . . . . . . . . . . . . . . . . . . . . . . . . . . . . . . . . . . . . . . . . . . . . . . . . . . . . . . . . . . . . . . . 

143  | 000050000008000100 |  #  | . . . . . . . . . . . . . . . . . . . . r . . . . . . . . . . . . . . . . . . . . . . . . . . . . . . . w . . . . . . . . . . . . . . . . . . . . . . . . . . . . . . . . . . . . . . . . . . . . . . . . . . . 

144  | 000000000000000200 |  #  | . . . . . . . . . . . . . . . w . . . . . . . . . . . . . . . . . . . . . . . . . . . . . . . . . . . . . . . . . . . . . . . r . . . . . . . . . . . . . . . . . . . . . . . . . . . . . . . . . . . . . . . . 

145  | 000000074005000200 |  #  | . . . . . . . . . . . . . . . . . . . . . . . . . . . . . . . . . . . . . . . . . . . . . . . . . . . . . . . . . . . . . . . r . . . . . . . . . . . . . . . . . . . . . . . . . w . . . . . . . . . . . . . . 

146  | 000000000102000001 |  #  | . . . . . . . . . r . . . . . . . . . . w . . . . . . . . . . . . . . . . . . . . . . . . . . . . . . . . . . . . . . . . . . . . . . . . . . . . . . . . . . . . . . . . . . . . . . . . . . . . . . . . . . . 

147  | 00010005C004000001 |  #  | . . . . . . . . . r . . . . . . . . . . . . . . . . . . . . . . . . . . . . . . . . . . . . . . . . . . . . . . . . . . . . . . . . w . . . . . . . . . . . . . . . . . . . . . . . . . . . . . . . . . . . . . 

148  | 000000800000010100 |  #  | . . . . . . . . . . . . . . . . . . . . . . . . . . . . . . . . . . . . . . . . . . . . . . . . . . . . . . . . . . . . . . . . . . . . . . . . . . . . . . . . . . . . . . . . . . . r w . . . . . . . . . . . 

149  | 000000004000000400 |  #  | . . . . . . . . . . . . . . . . w . . . . . . r . . . . . . . . . . . . . . . . . . . . . . . . . . . . . . . . . . . . . . . . . . . . . . . . . . . . . . . . . . . . . . . . . . . . . . . . . . . . . . . . 

150  | 0000C3000100400100 |  #  | . . . . . . . . . . . . . . . . . . . . . . . . . . . . . . . . . . . . . . . . . . . . . . . . . . . . . . . . . . . . . . . . . . . . . . . . . . . . . . . . . . . . w . . . . . . r . . . . . . . . . . . . 

151  | 000000000B00010020 |  #  | . . . . . . . . . . . . w . . . . . . . . . . . . . . . . . . . . . . . . . . . . . . . . r . . . . . . . . . . . . . . . . . . . . . . . . . . . . . . . . . . . . . . . . . . . . . . . . . . . . . . . . . . 

152  | 000010000002000400 |  #  | . . . . . . . . . w . . . . . . . . . . . . r . . . . . . . . . . . . . . . . . . . . . . . . . . . . . . . . . . . . . . . . . . . . . . . . . . . . . . . . . . . . . . . . . . . . . . . . . . . . . . . . . 

153  | 000061000D08200001 |  #  | . . . . . . r . . . . . . . . . . . . . . . . . . . . . . . . . . . . . . . . . . . . . . . . . . . . . . . . . . . . . . . . w . . . . . . . . . . . . . . . . . . . . . . . . . . . . . . . . . . . . . . . . 

154  | 000000000000000100 |  #  | . . . . . . . . . . . . . . . w . . . . . . . . . . . . . . . . . . . . . . . . . . . . . . . . . . . . . . . . . . . . . . . . . . . . . . . . . . . . . . . . . . . . . . . . . . . r . . . . . . . . . . . . 

155  | 000000000002000001 |  #  | . . . . . . r . . . . . . . . . . . . . . . . . . . . . . . . . . . . . . . . . . . . . . . w . . . . . . . . . . . . . . . . . . . . . . . . . . . . . . . . . . . . . . . . . . . . . . . . . . . . . . . . . 

156  | 000000000001000001 |  #  | . . . . . . r . . . . . . . . . . . . . . . . . . . . . . . . . . . . . . . . . . . . . . . . . . . . . . . . . . . . . . . . w . . . . . . . . . . . . . . . . . . . . . . . . . . . . . . . . . . . . . . . . 

157  | 000000000000001080 |  #  | . . . . . . . . . . . . . . . . . . . . . . . . . . . . r . . . . . . . . . . . . . . . . . . . . . . . . . . . . . . . . . . . . . . . . r . . . . . . . . . . . . . . . . . . . . . w . . . . . . . . . . . . 

158  | 000082000100400000 |  .  | . . . . . . . . . . . . . . . . . . . . . . . . . . . . . . . . . . . . . . . . . . . . . . . . . . . . . . . . . . . . . . . . . . . . . . . . . . . . . . . . . . . . . . . . . . . . . . . . . . . . . . . . 

159  | 050050000008000040 |  #  | . . . . . . . . . . . . w r . . . . . . . . . . . . . . . . . . . . . . . . . . . . . . . . . . . . . . . . . . . . . . . . . . . . . . . . . . . . . . . . . . . . . . . . . . . . . . . . . . . . . . . . . . 

160  | 050000000000010040 |  #  | . . . . . . . . . . . . . r . w . . . . . . . . . . . . . . . . . . . . . . . . . . . . . . . . . . . . . . . . . . . . . . . . . . . . . . . . . . . . . . . . . . . . . . . . . . . . . . . . . . . . . . . . 

161  | 000020000108000001 |  #  | . . . . . . w . . . . . . . . . . . . . . . . . . . . . . . . . . . . . . . . . . . . . . . . . . . . . . . . . . . . . . . . . . . . . . . . . . . . r . . . . . . . . . . . . . . . . . . . . . . . . . . . . 

162  | 000110000008000001 |  #  | . . . . . . . . . . . . . . . w . . . . . . . . . . . . . . . . . . . . . . . . . . . . . . . . . . . . . . . . . . . . . . . . . . . . . . . . . . . r . . . . . . . . . . . . . . . . . . . . . . . . . . . . 

163  | 000000000A00010020 |  #  | . . . . . . . . . . . . . . . w . . . . . . . . . . . . . . . . . . . . . . . . . . . . . r . . . . . . . . . . . . . . . . . . . . . . . . . . . . . . . . . . . . . . . . . . . . . . . . . . . . . . . . . . 

164  | 000000000C00000020 |  #  | . . . . . . w . . . . . . . . . . . . . . . . . . . . . . . . . . . . . . . . . . . . . . . r . . . . . . . . . . . . . . . . . . . . . . . . . . . . . . . . . . . . . . . . . . . . . . . . . . . . . . . . . 

165  | 000000000000000000 |  .  | . . . . . . . . . . . . . . . . . . . . . . . . . . . . . . . . . . . . . . . . . . . . . . . . . . . . . . . . . . . . . . . . . . . . . . . . . . . . . . . . . . . . . . . . . . . . . . . . . . . . . . . . 

166  | 000000000000010000 |  .  | . . . . . . . . . . . . . . . . . . . . . . . . . . . . . . . . . . . . . . . . . . . . . . . . . . . . . . . . . . . . . . . . . . . . . . . . . . . . . . . . . . . . . . . . . . . . . . . . . . . . . . . . 

167  | 050000000000000040 |  #  | . . . . . . . . . . . . . r . . . . . . . . . . . . . . . . . . . . . . . . . . . . . . . . . . . . . . . . . . . . . . . . . . . . . . . . . . . . . w . . . . . . . . . . . . . . . . . . . . . . . . . . . . 

168  | 000000000000000000 |  .  | . . . . . . . . . . . . . . . . . . . . . . . . . . . . . . . . . . . . . . . . . . . . . . . . . . . . . . . . . . . . . . . . . . . . . . . . . . . . . . . . . . . . . . . . . . . . . . . . . . . . . . . . 

169  | 000000000000000000 |  .  | . . . . . . . . . . . . . . . . . . . . . . . . . . . . . . . . . . . . . . . . . . . . . . . . . . . . . . . . . . . . . . . . . . . . . . . . . . . . . . . . . . . . . . . . . . . . . . . . . . . . . . . . 

170  | 000000000000000000 |  .  | . . . . . . . . . . . . . . . . . . . . . . . . . . . . . . . . . . . . . . . . . . . . . . . . . . . . . . . . . . . . . . . . . . . . . . . . . . . . . . . . . . . . . . . . . . . . . . . . . . . . . . . . 

171  | 0000C3000100400000 |  .  | . . . . . . . . . . . . . . . . . . . . . . . . . . . . . . . . . . . . . . . . . . . . . . . . . . . . . . . . . . . . . . . . . . . . . . . . . . . . . . . . . . . . . . . . . . . . . . . . . . . . . . . . 

172  | 000020000D08000020 |  #  | . . . . . . . . . . . . . w . . . . . . . . . . . . . . . . . . . . . . . . . . . . . . . . r . . . . . . . . . . . . . . . . . . . . . . . . . . . . . . . . . . . . . . . . . . . . . . . . . . . . . . . . . 

173  | 000000000C00000020 |  #  | . . . . . . . . . . . . . . . w . . . . . . . . . . . . . . . . . . . . . . . . . . . . . . r . . . . . . . . . . . . . . . . . . . . . . . . . . . . . . . . . . . . . . . . . . . . . . . . . . . . . . . . . 

174  | 000000000000000000 |  .  | . . . . . . . . . . . . . . . . . . . . . . . . . . . . . . . . . . . . . . . . . . . . . . . . . . . . . . . . . . . . . . . . . . . . . . . . . . . . . . . . . . . . . . . . . . . . . . . . . . . . . . . . 

175  | 000082000100400000 |  .  | . . . . . . . . . . . . . . . . . . . . . . . . . . . . . . . . . . . . . . . . . . . . . . . . . . . . . . . . . . . . . . . . . . . . . . . . . . . . . . . . . . . . . . . . . . . . . . . . . . . . . . . . 

176  | 00000003C000000400 |  #  | . . . . . . . . . . . . . w . . . . . . . . . . . . . . . . . . . . . . . . . . . . . . . . . . . . . . . . . . r . . . . . . . . . . . . . . . . . . . . . . . . . . . . . . . . . . . . . . . . . . . . . . . 

177  | 000000000000000000 |  .  | . . . . . . . . . . . . . . . . . . . . . . . . . . . . . . . . . . . . . . . . . . . . . . . . . . . . . . . . . . . . . . . . . . . . . . . . . . . . . . . . . . . . . . . . . . . . . . . . . . . . . . . . 

178  | 000000000000000000 |  .  | . . . . . . . . . . . . . . . . . . . . . . . . . . . . . . . . . . . . . . . . . . . . . . . . . . . . . . . . . . . . . . . . . . . . . . . . . . . . . . . . . . . . . . . . . . . . . . . . . . . . . . . . 

179  | 000000000000000000 |  .  | . . . . . . . . . . . . . . . . . . . . . . . . . . . . . . . . . . . . . . . . . . . . . . . . . . . . . . . . . . . . . . . . . . . . . . . . . . . . . . . . . . . . . . . . . . . . . . . . . . . . . . . . 

180  | 000000000000000000 |  .  | . . . . . . . . . . . . . . . . . . . . . . . . . . . . . . . . . . . . . . . . . . . . . . . . . . . . . . . . . . . . . . . . . . . . . . . . . . . . . . . . . . . . . . . . . . . . . . . . . . . . . . . . 

181  | 000000000000000000 |  .  | . . . . . . . . . . . . . . . . . . . . . . . . . . . . . . . . . . . . . . . . . . . . . . . . . . . . . . . . . . . . . . . . . . . . . . . . . . . . . . . . . . . . . . . . . . . . . . . . . . . . . . . . 

182  | 000000000000000000 |  .  | . . . . . . . . . . . . . . . . . . . . . . . . . . . . . . . . . . . . . . . . . . . . . . . . . . . . . . . . . . . . . . . . . . . . . . . . . . . . . . . . . . . . . . . . . . . . . . . . . . . . . . . . 

183  | 000000000000000000 |  .  | . . . . . . . . . . . . . . . . . . . . . . . . . . . . . . . . . . . . . . . . . . . . . . . . . . . . . . . . . . . . . . . . . . . . . . . . . . . . . . . . . . . . . . . . . . . . . . . . . . . . . . . . 

184  | 000000000000000000 |  .  | . . . . . . . . . . . . . . . . . . . . . . . . . . . . . . . . . . . . . . . . . . . . . . . . . . . . . . . . . . . . . . . . . . . . . . . . . . . . . . . . . . . . . . . . . . . . . . . . . . . . . . . . 

185  | 000000000000000000 |  .  | . . . . . . . . . . . . . . . . . . . . . . . . . . . . . . . . . . . . . . . . . . . . . . . . . . . . . . . . . . . . . . . . . . . . . . . . . . . . . . . . . . . . . . . . . . . . . . . . . . . . . . . . 

186  | 000000000000000000 |  .  | . . . . . . . . . . . . . . . . . . . . . . . . . . . . . . . . . . . . . . . . . . . . . . . . . . . . . . . . . . . . . . . . . . . . . . . . . . . . . . . . . . . . . . . . . . . . . . . . . . . . . . . . 

187  | 000000000000000000 |  .  | . . . . . . . . . . . . . . . . . . . . . . . . . . . . . . . . . . . . . . . . . . . . . . . . . . . . . . . . . . . . . . . . . . . . . . . . . . . . . . . . . . . . . . . . . . . . . . . . . . . . . . . . 

188  | 000000000000000000 |  .  | . . . . . . . . . . . . . . . . . . . . . . . . . . . . . . . . . . . . . . . . . . . . . . . . . . . . . . . . . . . . . . . . . . . . . . . . . . . . . . . . . . . . . . . . . . . . . . . . . . . . . . . . 

189  | 000000000000000000 |  .  | . . . . . . . . . . . . . . . . . . . . . . . . . . . . . . . . . . . . . . . . . . . . . . . . . . . . . . . . . . . . . . . . . . . . . . . . . . . . . . . . . . . . . . . . . . . . . . . . . . . . . . . . 

190  | 000000000000000000 |  .  | . . . . . . . . . . . . . . . . . . . . . . . . . . . . . . . . . . . . . . . . . . . . . . . . . . . . . . . . . . . . . . . . . . . . . . . . . . . . . . . . . . . . . . . . . . . . . . . . . . . . . . . . 

191  | 000000000000000000 |  .  | . . . . . . . . . . . . . . . . . . . . . . . . . . . . . . . . . . . . . . . . . . . . . . . . . . . . . . . . . . . . . . . . . . . . . . . . . . . . . . . . . . . . . . . . . . . . . . . . . . . . . . . . 

192  | 000000000000000000 |  .  | . . . . . . . . . . . . . . . . . . . . . . . . . . . . . . . . . . . . . . . . . . . . . . . . . . . . . . . . . . . . . . . . . . . . . . . . . . . . . . . . . . . . . . . . . . . . . . . . . . . . . . . . 

193  | 000000000000000000 |  .  | . . . . . . . . . . . . . . . . . . . . . . . . . . . . . . . . . . . . . . . . . . . . . . . . . . . . . . . . . . . . . . . . . . . . . . . . . . . . . . . . . . . . . . . . . . . . . . . . . . . . . . . . 

194  | 000000000000000000 |  .  | . . . . . . . . . . . . . . . . . . . . . . . . . . . . . . . . . . . . . . . . . . . . . . . . . . . . . . . . . . . . . . . . . . . . . . . . . . . . . . . . . . . . . . . . . . . . . . . . . . . . . . . . 

195  | 000000000000000000 |  .  | . . . . . . . . . . . . . . . . . . . . . . . . . . . . . . . . . . . . . . . . . . . . . . . . . . . . . . . . . . . . . . . . . . . . . . . . . . . . . . . . . . . . . . . . . . . . . . . . . . . . . . . . 

196  | 000000000000000000 |  .  | . . . . . . . . . . . . . . . . . . . . . . . . . . . . . . . . . . . . . . . . . . . . . . . . . . . . . . . . . . . . . . . . . . . . . . . . . . . . . . . . . . . . . . . . . . . . . . . . . . . . . . . . 

197  | 000000000000000000 |  .  | . . . . . . . . . . . . . . . . . . . . . . . . . . . . . . . . . . . . . . . . . . . . . . . . . . . . . . . . . . . . . . . . . . . . . . . . . . . . . . . . . . . . . . . . . . . . . . . . . . . . . . . . 

198  | 000000000000000000 |  .  | . . . . . . . . . . . . . . . . . . . . . . . . . . . . . . . . . . . . . . . . . . . . . . . . . . . . . . . . . . . . . . . . . . . . . . . . . . . . . . . . . . . . . . . . . . . . . . . . . . . . . . . . 

199  | 000000000000000000 |  .  | . . . . . . . . . . . . . . . . . . . . . . . . . . . . . . . . . . . . . . . . . . . . . . . . . . . . . . . . . . . . . . . . . . . . . . . . . . . . . . . . . . . . . . . . . . . . . . . . . . . . . . . . 

LFB ports list:
sdA_fltr.ENA0 : 29
sdA_fltr.Din0 : 69
sdA_fltr.Dinvalid :
sdA_fltr.Dout : 57 2 2
sdA_fltr.Dout_Auto :
sdA_fltr.Dout_Correct :
acc1.P1 : 5
acc1.P2 : 6
acc1.value : 11 53 28
acc6.P1 : 57
acc6.M1 : 58
acc6.value : 63
acc7.P1 : 50
acc7.M1 : 55
acc7.value : 60
accDAC_U_scanX.P1 : 108
accDAC_U_scanX.P2 : 111
accDAC_U_scanX.P3 : 112
accDAC_U_scanX.value : 120 117
accDAC_U_scanY.P1 : 121
accDAC_U_scanY.P2 : 125
accDAC_U_scanY.P3 : 126
accDAC_U_scanY.value : 131 132
accDAC_U_scanZ.P1 : 153
accDAC_U_scanZ.P2 : 155
accDAC_U_scanZ.P3 : 156
accDAC_U_scanZ.value : 164 161
accOVER_U_scanX.P1 : 117
accOVER_U_scanX.M1 : 118
accOVER_U_scanX.value : 123
accOVER_U_scanY.P1 : 132
accOVER_U_scanY.M1 : 133
accOVER_U_scanY.value : 138
accOVER_U_scanZ.P1 : 161
accOVER_U_scanZ.M1 : 162
accOVER_U_scanZ.value : 167
CCTRL.State_in : 7
CCTRL.Phase : 11
CCTRL.State_out :
CCTRL.bWORK : 17
CCTRL.bINIT : 76 76 71
CCTRL.bDONE : 29 27 40 14 22
CHK_U_scanX.in0 : 32
CHK_U_scanX.in1 : 101
CHK_U_scanX.in2 : 123
CHK_U_scanX.out :
CHK_U_scanX.LUT0 : 136
CHK_U_scanX.LUT1 : 129
CHK_U_scanY.in0 : 136
CHK_U_scanY.in1 : 137
CHK_U_scanY.in2 : 138
CHK_U_scanY.out :
CHK_U_scanY.LUT0 : 159
CHK_U_scanY.LUT1 : 151
CHK_U_scanZ.in0 : 159
CHK_U_scanZ.in1 : 160
CHK_U_scanZ.in2 : 167
CHK_U_scanZ.out :
CHK_U_scanZ.LUT0 : 176
CHK_U_scanZ.LUT1 : 172
CORDIC.Y : 3
CORDIC.X : 4
CORDIC.A : 54
CORDIC.Phi : 62
dxchg.DI0 : 33
dxchg.DI1 : 67
dxchg.DI2 : 93
dxchg.DI3 : 94
dxchg.DI4 : 95
dxchg.DI5 : 96
dxchg.DI6 : 97
dxchg.DO0 : 118 130
dxchg.DO1 : 133 163
dxchg.DO2 : 162 173
dxchg.DO3 : 101 101
dxchg.DO4 : 137 113
dxchg.DO5 : 160 144
dxchg.DO6 : 154
feacc1_COS.P1 : 146
feacc1_COS.M1 : 147
feacc1_COS.value : 152
feacc1_SIN.P1 : 139
feacc1_SIN.M1 : 140
feacc1_SIN.value : 149
femul_COS.A : 135
femul_COS.B : 141
femul_COS.PRODMSB : 147
femul_COS.PRODLSB :
femul_SIN.A : 124
femul_SIN.B : 127
femul_SIN.PRODMSB : 140
femul_SIN.PRODLSB :
fesel_COS.select : 76
fesel_COS.in0 : 142
fesel_COS.in1 : 143
fesel_COS.out : 146
fesel_SIN.select : 71
fesel_SIN.in0 : 73
fesel_SIN.in1 : 74
fesel_SIN.out : 139
fesum_COS.Din : 152
fesum_COS.Dout : 142 4
fesum_SIN.Din : 149
fesum_SIN.Dout : 73 3
ktbl.TABLE : 8
ktbl.INDEX : 9
ktbl.RES0 : 56
ktbl.RES1 :
ktbl.RES2 : 25 15
ktbl.RES3 :
ktbl.Dout : 8
limZ.Din0 : 110
limZ.Dinvalid :
limZ.Dout :
limZ.Dout_Auto :
limZ.Dout_Correct : 128 128 128
lrx_0.Value : 95 12 12 12
ltx_0.dac : 157
lrx_1.Value : 16 16
lrx_mx.Value : 38
lrx_my.Value : 65
lrx_mz.Value : 77
ltx_1.dac : 116
ltx_mx.dac : 44
ltx_my.dac : 45
ltx_mz.dac : 42
ltx_speed.dac : 47
m_1divNcur.ENA0 : 14
m_1divNcur.Din0 : 15
m_1divNcur.Dinvalid :
m_1divNcur.Dout : 21
m_1divNcur.Dout_Auto :
m_1divNcur.Dout_Correct :
m_1divNprev.ENA0 : 22
m_1divNprev.Din0 : 25
m_1divNprev.Dinvalid :
m_1divNprev.Dout : 13
m_1divNprev.Dout_Auto :
m_1divNprev.Dout_Correct :
m_A.Din : 2
m_A.Dout :
m_A_rez.Dout : 19
m_BaseK.Dout : 18
m_cctrl_state.Din : 76
m_cctrl_state.Dout : 9 7
m_DAC_U_scanX.Din0 : 120
m_DAC_U_scanX.ENA1 : 129
m_DAC_U_scanX.Din1 : 130
m_DAC_U_scanX.Dinvalid :
m_DAC_U_scanX.Dout : 111 35 35 35
m_DAC_U_scanX.Dout_Auto :
m_DAC_U_scanX.Dout_Correct :
m_DAC_U_scanY.Din0 : 131
m_DAC_U_scanY.ENA1 : 151
m_DAC_U_scanY.Din1 : 163
m_DAC_U_scanY.Dinvalid :
m_DAC_U_scanY.Dout : 125 37 37 37
m_DAC_U_scanY.Dout_Auto :
m_DAC_U_scanY.Dout_Correct :
m_DAC_U_scanZ.Din0 : 164
m_DAC_U_scanZ.ENA1 : 172
m_DAC_U_scanZ.Din1 : 173
m_DAC_U_scanZ.Dinvalid :
m_DAC_U_scanZ.Dout : 98 155 39
m_DAC_U_scanZ.Dout_Auto :
m_DAC_U_scanZ.Dout_Correct :
m_dfi_pin.Dout : 6
m_F_k.Dout : 105
m_P.Din : 43
m_P.Dout :
m_pid_ON.Dout : 24
m_ram_true.Dout : 32
m_ram_zero.Dout : 74 143 64 20 10
m_smZ_ctrl.Dout : 42
m_smZ_status.Din : 77
m_smZ_status.Dout :
m_Nprev.ENA0 : 27
m_Nprev.Din0 : 56
m_Nprev.Dinvalid :
m_Nprev.Dout : 59
m_Nprev.Dout_Auto :
m_Nprev.Dout_Correct :
m_dxchg_ena.Din : 176
m_dxchg_ena.Dout : 94
m_pid_sav_tmp.Din0 : 104
m_pid_sav_tmp.Dinvalid :
m_pid_sav_tmp.Dout :
m_pid_sav_tmp.Dout_Auto :
m_pid_sav_tmp.Dout_Correct : 68
m_pid_Y_sav.Din0 : 88
m_pid_Y_sav.Dinvalid :
m_pid_Y_sav.Dout : 104
m_pid_Y_sav.Dout_Auto :
m_pid_Y_sav.Dout_Correct : 100 93 100
m_X_sav.Din0 : 10
m_X_sav.ENA1 : 17
m_X_sav.Din1 : 23
m_X_sav.Dinvalid :
m_X_sav.Dout : 124 135
m_X_sav.Dout_Auto :
m_X_sav.Dout_Correct :
mul.A : 18
mul.B : 19
mul.PRODMSB : 58
mul.PRODLSB :
mul1.A : 105
mul1.B : 109
mul1.PRODMSB : 116
mul1.PRODLSB :
mul2.A : 13
mul2.B : 16
mul2.PRODMSB : 23
mul2.PRODLSB :
mul7.A : 72
mul7.B : 83
mul7.PRODMSB : 88
mul7.PRODLSB :
mul10.A : 21
mul10.B : 54
mul10.PRODMSB : 61
mul10.PRODLSB :
mul11.A : 59
mul11.B : 61
mul11.PRODMSB : 69
mul11.PRODLSB :
multV_U_scanX.A : 101
multV_U_scanX.B : 102
multV_U_scanX.PRODMSB : 112
multV_U_scanX.PRODLSB : 108
multV_U_scanY.A : 113
multV_U_scanY.B : 114
multV_U_scanY.PRODMSB : 126
multV_U_scanY.PRODLSB : 121
multV_U_scanZ.A : 144
multV_U_scanZ.B : 145
multV_U_scanZ.PRODMSB : 156
multV_U_scanZ.PRODLSB : 153
OSC1.CH0 : 16
OSC1.CH1 : 2
OSC1.CH2 : 34
OSC1.CH3 : 128
OSC1.CH4 : 157
OSC1.CH5 : 35
OSC1.CH6 : 37
OSC1.CH7 : 12
OSC1.CH8 : 100
OSC1.CH9 : 67
OSC1.CH10 : 39
p_phase.Din0 : 28
p_phase.Dinvalid :
p_phase.Dout :
p_phase.Dout_Auto : 5
p_phase.Dout_Correct :
pid.SELECT1 : 30
pid.X : 67
pid.Yprev : 68
pid.Y : 83
pid.K : 72
pid.Dout : 30
sdP.ENA0 : 40
sdP.Din0 : 62
sdP.Dinvalid :
sdP.Dout : 33 43 34
sdP.Dout_Auto :
sdP.Dout_Correct :
sel_err.select : 24
sel_err.in0 : 26
sel_err.in1 : 60
sel_err.in2 : 63
sel_err.in3 : 64
sel_err.out : 67 67 67
sZ.P1 : 98
sZ.P2 : 100
sZ.P3 : 103
sZ.value : 110
tbl0.TABLE : 51
tbl0.INDEX : 53
tbl0.RES0 : 109 141
tbl0.RES1 :
tbl0.RES2 :
tbl0.RES3 : 127
tbl0.Dout : 51
XYZ.X : 35
XYZ.Y : 37
XYZ.Z : 128
m1.Din : 8
m1.Dout : 49
m2.Din : 49
m2.Dout :
m_pid_out.Din : 128
m_pid_out.Dout :
m_ustep.Dout : 31
m_ustep_rw.Din : 31
m_ustep_rw.Dout : 102 114
m_DAC_I.Dout : 150
m_ADC_I.Din : 12
m_ADC_I.Dout :
m_I_BASE.Dout : 55
m_user_err.Dout : 26
m_Z_ustep.Dout : 36
m_Z_ustep_rw.Din : 36
m_Z_ustep_rw.Dout : 145
amax.X : 12
amax.M : 20
amax.Y : 50
amax.V :
sel_Uopora.select : 148
sel_Uopora.in0 : 150
sel_Uopora.in1 : 154
sel_Uopora.out : 157 157
m_sel_Uopora.Dout : 148
m_smX_ctrl.Dout : 44
m_smX_status.Din : 38
m_smX_status.Dout :
m_smY_ctrl.Dout : 45
m_smY_status.Din : 65
m_smY_status.Dout :
speed.Dout : 47
dxchg_X.Din : 35
dxchg_X.Dout :
dxchg_Y.Din : 37
dxchg_Y.Dout :
acc_cntr.P1 : 66
acc_cntr.P2 : 70
acc_cntr.value : 96 75
cntr.Din0 : 75
cntr.Dinvalid :
cntr.Dout :
cntr.Dout_Auto : 66
cntr.Dout_Correct :
m_cntr_one.Dout : 70
m_dacZ.Dout : 103


DPU's Layout
CTF
	[0]: ktbl.table tbl0.table
BRAM
	[0]: fesum_COS.
	[1]: fesum_SIN.
	[2]: ktbl.setup
	[3]: m_A.
	[4]: m_A_rez.
	[5]: m_BaseK.
	[6]: m_cctrl_state.
	[7]: m_dfi_pin.
	[8]: m_F_k.
	[9]: m_P.
	[10]: m_pid_ON.
	[11]: m_ram_true.
	[12]: m_ram_zero.
	[13]: m_smZ_ctrl.
	[14]: m_smZ_status.
	[15]: m_dxchg_ena.
	[16]: pid.select_int
	[17]: tbl0.setup
	[18]: m1.
	[19]: m2.
	[20]: m_pid_out.
	[21]: m_ustep.
	[22]: m_ustep_rw.
	[23]: m_DAC_I.
	[24]: m_ADC_I.
	[25]: m_I_BASE.
	[26]: m_user_err.
	[27]: m_Z_ustep.
	[28]: m_Z_ustep_rw.
	[29]: m_sel_Uopora.
	[30]: m_smX_ctrl.
	[31]: m_smX_status.
	[32]: m_smY_ctrl.
	[33]: m_smY_status.
	[34]: speed.
	[35]: dxchg_X.
	[36]: dxchg_Y.
	[37]: m_cntr_one.
	[38]: m_dacZ.
CORDIC
	[0]: CORDIC.
FCUP
	[0]: pid.
FRAM
	[0]: sdA_fltr.
	[1]: limZ.
	[2]: m_1divNcur.
	[3]: m_1divNprev.
	[4]: m_DAC_U_scanX.
	[5]: m_DAC_U_scanY.
	[6]: m_DAC_U_scanZ.
	[7]: m_Nprev.
	[8]: m_pid_sav_tmp.
	[9]: m_pid_Y_sav.
	[10]: m_X_sav.
	[11]: p_phase.
	[12]: sdP.
	[13]: cntr.
VSCOPE
	[0]: OSC1.
CCTRL
	[0]: CCTRL.
CHECK
	[0]: CHK_U_scanX. CHK_U_scanY. CHK_U_scanZ.
ABSMAX
	[0]: amax.
DXCHG
	[0]: dxchg.
LRX
	[0]: lrx_0.
	[1]: lrx_1.
	[2]: lrx_mx.
	[3]: lrx_my.
	[4]: lrx_mz.
LTX
	[0]: ltx_0.
	[1]: ltx_1.
	[2]: ltx_mx.
	[3]: ltx_my.
	[4]: ltx_mz.
	[5]: ltx_speed.
XYZ
	[0]: XYZ.
MUX
	[0]: sel_err. fesel_SIN. fesel_COS. sel_Uopora.
ACCUM
	[0]: acc1. acc7. acc6. acc_cntr. sZ. accDAC_U_scanX. accOVER_U_scanX. accDAC_U_scanY. accOVER_U_scanY. feacc1_SIN. feacc1_COS. accDAC_U_scanZ. accOVER_U_scanZ.
MULT
	[0]: mul2. mul. mul10. mul11. mul7. multV_U_scanX. mul1. multV_U_scanY. femul_SIN. femul_COS. multV_U_scanZ.
